#
# There is insufficient memory for the Java Runtime Environment to continue.
# Native memory allocation (mmap) failed to map 355467264 bytes for Failed to commit area from 0x0000000096100000 to 0x00000000ab400000 of length 355467264.
# Possible reasons:
#   The system is out of physical RAM or swap space
#   The process is running with CompressedOops enabled, and the Java Heap may be blocking the growth of the native heap
# Possible solutions:
#   Reduce memory load on the system
#   Increase physical memory or swap space
#   Check if swap backing store is full
#   Decrease Java heap size (-Xmx/-Xms)
#   Decrease number of Java threads
#   Decrease Java thread stack sizes (-Xss)
#   Set larger code cache with -XX:ReservedCodeCacheSize=
#   JVM is running with Unscaled Compressed Oops mode in which the Java heap is
#     placed in the first 4GB address space. The Java Heap base address is the
#     maximum limit for the native heap growth. Please use -XX:HeapBaseMinAddress
#     to set the Java Heap base and to place the Java Heap above 4GB virtual address.
# This output file may be truncated or incomplete.
#
#  Out of Memory Error (./src/hotspot/os/windows/os_windows.cpp:3301), pid=112, tid=10364
#
# JRE version: OpenJDK Runtime Environment (11.0.10) (build 11.0.10+0-b96-7249189)
# Java VM: OpenJDK 64-Bit Server VM (11.0.10+0-b96-7249189, mixed mode, tiered, compressed oops, g1 gc, windows-amd64)
# No core dump will be written. Minidumps are not enabled by default on client versions of Windows
#

---------------  S U M M A R Y ------------

Command Line: --add-opens=java.base/java.util=ALL-UNNAMED --add-opens=java.base/java.lang=ALL-UNNAMED --add-opens=java.base/java.lang.invoke=ALL-UNNAMED --add-opens=java.base/java.util=ALL-UNNAMED --add-opens=java.prefs/java.util.prefs=ALL-UNNAMED --add-opens=java.prefs/java.util.prefs=ALL-UNNAMED --add-opens=java.base/java.nio.charset=ALL-UNNAMED --add-opens=java.base/java.net=ALL-UNNAMED --add-opens=java.base/java.util.concurrent.atomic=ALL-UNNAMED -Xmx2048m -Dfile.encoding=UTF-8 -Duser.country=US -Duser.language=en -Duser.variant org.gradle.launcher.daemon.bootstrap.GradleDaemon 7.0.2

Host: AMD 3020e with Radeon Graphics                 , 2 cores, 3G,  Windows 10 , 64 bit Build 19041 (10.0.19041.1503)
Time: Tue Feb 22 22:13:38 2022 Eastern Standard Time elapsed time: 883.522846 seconds (0d 0h 14m 43s)

---------------  T H R E A D  ---------------

Current thread (0x0000019bcd526000):  VMThread "VM Thread" [stack: 0x000000106a300000,0x000000106a400000] [id=10364]

Stack: [0x000000106a300000,0x000000106a400000]
[error occurred during error reporting (printing stack bounds), id 0xc0000005, EXCEPTION_ACCESS_VIOLATION (0xc0000005) at pc=0x0000019bb6960f2d]

Native frames: (J=compiled Java code, j=interpreted, Vv=VM code, C=native code)
V  [jvm.dll+0x5ecfaa]
V  [jvm.dll+0x722bd5]
V  [jvm.dll+0x72412d]
V  [jvm.dll+0x724745]
V  [jvm.dll+0x7246fb]
V  [jvm.dll+0x5ec348]
V  [jvm.dll+0x5ecad8]
C  [ntdll.dll+0xa20cf]
C  [ntdll.dll+0x51454]
C  [ntdll.dll+0xa0bfe]
C  0x0000019bb6960f2d

VM_Operation (0x000000106c7fcfc0): G1CollectForAllocation, mode: safepoint, requested by thread 0x0000019bd11dd800


---------------  P R O C E S S  ---------------

Threads class SMR info:
_java_thread_list=0x0000019bd1565800, length=50, elements={
0x0000019bb166a000, 0x0000019bcd52c800, 0x0000019bcd52f800, 0x0000019bcd589800,
0x0000019bcd58d800, 0x0000019bcd58e800, 0x0000019bcd591800, 0x0000019bcd6f6800,
0x0000019bcd6fc000, 0x0000019bcd7ef800, 0x0000019bd0247800, 0x0000019bcf29e800,
0x0000019bd0435800, 0x0000019bce73c800, 0x0000019bce73d800, 0x0000019bce740800,
0x0000019bce73b800, 0x0000019bce742000, 0x0000019bce73e000, 0x0000019bce73f000,
0x0000019bcfdce000, 0x0000019bcfdcb800, 0x0000019bcfdd4000, 0x0000019bcfdd0800,
0x0000019bcfdc8800, 0x0000019bcfdcf000, 0x0000019bcfdc9000, 0x0000019bcfdca000,
0x0000019bcfdcb000, 0x0000019bcfdd1800, 0x0000019bcfdd4800, 0x0000019bcfdd2000,
0x0000019bcfdd3000, 0x0000019bce73f800, 0x0000019bce741800, 0x0000019bd11de800,
0x0000019bd11dd000, 0x0000019bd11dd800, 0x0000019bd11df000, 0x0000019bd11d9800,
0x0000019bd11e0000, 0x0000019bd11dc000, 0x0000019bd11da800, 0x0000019bd11db000,
0x0000019bd11e1800, 0x0000019bd11e5800, 0x0000019bd11e1000, 0x0000019bd11e3800,
0x0000019bd11e4000, 0x0000019bd11e5000
}

Java Threads: ( => current thread )
  0x0000019bb166a000 JavaThread "main" [_thread_blocked, id=6904, stack(0x0000001069d00000,0x0000001069e00000)]
  0x0000019bcd52c800 JavaThread "Reference Handler" daemon [_thread_blocked, id=12780, stack(0x000000106a400000,0x000000106a500000)]
  0x0000019bcd52f800 JavaThread "Finalizer" daemon [_thread_blocked, id=776, stack(0x000000106a500000,0x000000106a600000)]
  0x0000019bcd589800 JavaThread "Signal Dispatcher" daemon [_thread_blocked, id=4356, stack(0x000000106a600000,0x000000106a700000)]
  0x0000019bcd58d800 JavaThread "Attach Listener" daemon [_thread_blocked, id=2340, stack(0x000000106a700000,0x000000106a800000)]
  0x0000019bcd58e800 JavaThread "Service Thread" daemon [_thread_blocked, id=11052, stack(0x000000106a800000,0x000000106a900000)]
  0x0000019bcd591800 JavaThread "C2 CompilerThread0" daemon [_thread_blocked, id=12044, stack(0x000000106a900000,0x000000106aa00000)]
  0x0000019bcd6f6800 JavaThread "C1 CompilerThread0" daemon [_thread_blocked, id=10972, stack(0x000000106aa00000,0x000000106ab00000)]
  0x0000019bcd6fc000 JavaThread "Sweeper thread" daemon [_thread_blocked, id=6776, stack(0x000000106ab00000,0x000000106ac00000)]
  0x0000019bcd7ef800 JavaThread "Common-Cleaner" daemon [_thread_blocked, id=12308, stack(0x000000106ac00000,0x000000106ad00000)]
  0x0000019bd0247800 JavaThread "Daemon health stats" [_thread_blocked, id=12396, stack(0x000000106af00000,0x000000106b000000)]
  0x0000019bcf29e800 JavaThread "Incoming local TCP Connector on port 59362" [_thread_in_native, id=13216, stack(0x000000106b000000,0x000000106b100000)]
  0x0000019bd0435800 JavaThread "Daemon periodic checks" [_thread_blocked, id=5832, stack(0x000000106b100000,0x000000106b200000)]
  0x0000019bce73c800 JavaThread "Cache worker for file hash cache (C:\Users\anima\.gradle\caches\7.0.2\fileHashes)" [_thread_blocked, id=5424, stack(0x000000106b900000,0x000000106ba00000)]
  0x0000019bce73d800 JavaThread "File lock request listener" [_thread_in_native, id=7572, stack(0x000000106ba00000,0x000000106bb00000)]
  0x0000019bce740800 JavaThread "Cache worker for journal cache (C:\Users\anima\.gradle\caches\journal-1)" [_thread_blocked, id=10392, stack(0x000000106bb00000,0x000000106bc00000)]
  0x0000019bce73b800 JavaThread "File watcher server" daemon [_thread_blocked, id=7648, stack(0x000000106bd00000,0x000000106be00000)]
  0x0000019bce742000 JavaThread "File watcher consumer" daemon [_thread_blocked, id=11720, stack(0x000000106be00000,0x000000106bf00000)]
  0x0000019bce73e000 JavaThread "jar transforms" [_thread_blocked, id=9316, stack(0x000000106bf00000,0x000000106c000000)]
  0x0000019bce73f000 JavaThread "jar transforms Thread 2" [_thread_blocked, id=8768, stack(0x000000106c000000,0x000000106c100000)]
  0x0000019bcfdce000 JavaThread "Cache worker for execution history cache (C:\Users\anima\.gradle\caches\7.0.2\executionHistory)" [_thread_blocked, id=5248, stack(0x000000106c400000,0x000000106c500000)]
  0x0000019bcfdcb800 JavaThread "Cache worker for file content cache (C:\Users\anima\.gradle\caches\7.0.2\fileContent)" [_thread_blocked, id=824, stack(0x000000106c500000,0x000000106c600000)]
  0x0000019bcfdd4000 JavaThread "Memory manager" [_thread_blocked, id=6276, stack(0x000000106ca00000,0x000000106cb00000)]
  0x0000019bcfdd0800 JavaThread "pool-3-thread-1" [_thread_blocked, id=12864, stack(0x000000106cb00000,0x000000106cc00000)]
  0x0000019bcfdc8800 JavaThread "Daemon Thread 2" [_thread_blocked, id=12212, stack(0x0000001069b00000,0x0000001069c00000)]
  0x0000019bcfdcf000 JavaThread "Handler for socket connection from /127.0.0.1:59362 to /127.0.0.1:49498" [_thread_in_native, id=12040, stack(0x0000001069c00000,0x0000001069d00000)]
  0x0000019bcfdc9000 JavaThread "Cancel handler" [_thread_blocked, id=7724, stack(0x000000106b200000,0x000000106b300000)]
  0x0000019bcfdca000 JavaThread "Daemon worker Thread 2" [_thread_blocked, id=4032, stack(0x000000106b300000,0x000000106b400000)]
  0x0000019bcfdcb000 JavaThread "Asynchronous log dispatcher for DefaultDaemonConnection: socket connection from /127.0.0.1:59362 to /127.0.0.1:49498" [_thread_blocked, id=7308, stack(0x000000106b400000,0x000000106b500000)]
  0x0000019bcfdd1800 JavaThread "Daemon client event forwarder" [_thread_blocked, id=10744, stack(0x000000106b600000,0x000000106b700000)]
  0x0000019bcfdd4800 JavaThread "Cache worker for file hash cache (C:\Users\anima\AndroidStudioProjects\GardenGang\.gradle\7.0.2\fileHashes)" [_thread_blocked, id=6368, stack(0x000000106b700000,0x000000106b800000)]
  0x0000019bcfdd2000 JavaThread "Cache worker for checksums cache (C:\Users\anima\AndroidStudioProjects\GardenGang\.gradle\checksums)" [_thread_blocked, id=8912, stack(0x000000106b800000,0x000000106b900000)]
  0x0000019bcfdd3000 JavaThread "Cache worker for cache directory md-supplier (C:\Users\anima\.gradle\caches\7.0.2\md-supplier)" [_thread_blocked, id=8668, stack(0x000000106bc00000,0x000000106bd00000)]
  0x0000019bce73f800 JavaThread "Cache worker for cache directory md-rule (C:\Users\anima\.gradle\caches\7.0.2\md-rule)" [_thread_blocked, id=10312, stack(0x000000106c100000,0x000000106c200000)]
  0x0000019bce741800 JavaThread "Cache worker for dependencies-accessors (C:\Users\anima\AndroidStudioProjects\GardenGang\.gradle\7.0.2\dependencies-accessors)" [_thread_blocked, id=12696, stack(0x000000106c200000,0x000000106c300000)]
  0x0000019bd11de800 JavaThread "Cache worker for Build Output Cleanup Cache (C:\Users\anima\AndroidStudioProjects\GardenGang\.gradle\buildOutputCleanup)" [_thread_blocked, id=8932, stack(0x000000106c300000,0x000000106c400000)]
  0x0000019bd11dd000 JavaThread "Build operations" [_thread_blocked, id=7628, stack(0x000000106c600000,0x000000106c700000)]
  0x0000019bd11dd800 JavaThread "Build operations Thread 2" [_thread_blocked, id=10404, stack(0x000000106c700000,0x000000106c800000)]
  0x0000019bd11df000 JavaThread "build event listener" [_thread_blocked, id=8368, stack(0x000000106c800000,0x000000106c900000)]
  0x0000019bd11d9800 JavaThread "pool-6-thread-1" [_thread_blocked, id=10500, stack(0x000000106c900000,0x000000106ca00000)]
  0x0000019bd11e0000 JavaThread "build event listener" [_thread_blocked, id=13108, stack(0x000000106cc00000,0x000000106cd00000)]
  0x0000019bd11dc000 JavaThread "Execution worker for ':'" [_thread_blocked, id=7020, stack(0x000000106cd00000,0x000000106ce00000)]
  0x0000019bd11da800 JavaThread "Cache worker for execution history cache (C:\Users\anima\AndroidStudioProjects\GardenGang\.gradle\7.0.2\executionHistory)" [_thread_blocked, id=5224, stack(0x000000106ce00000,0x000000106cf00000)]
  0x0000019bd11db000 JavaThread "WorkerExecutor Queue" [_thread_blocked, id=1872, stack(0x000000106cf00000,0x000000106d000000)]
  0x0000019bd11e1800 JavaThread "WorkerExecutor Queue Thread 2" [_thread_blocked, id=9968, stack(0x000000106d000000,0x000000106d100000)]
  0x0000019bd11e5800 JavaThread "pool-7-thread-1" [_thread_blocked, id=6684, stack(0x000000106b500000,0x000000106b600000)]
  0x0000019bd11e1000 JavaThread "stderr" [_thread_in_native, id=4972, stack(0x000000106d100000,0x000000106d200000)]
  0x0000019bd11e3800 JavaThread "stdout" [_thread_in_native, id=5252, stack(0x000000106d200000,0x000000106d300000)]
  0x0000019bd11e4000 JavaThread "ForkJoinPool-2-worker-3" daemon [_thread_blocked, id=12292, stack(0x000000106d300000,0x000000106d400000)]
  0x0000019bd11e5000 JavaThread "ForkJoinPool-2-worker-1" daemon [_thread_blocked, id=3540, stack(0x000000106d400000,0x000000106d500000)]

Other Threads:
=>0x0000019bcd526000 VMThread "VM Thread" [stack: 0x000000106a300000,0x000000106a400000] [id=10364]
  0x0000019bcd837000 WatcherThread [stack: 0x000000106ad00000,0x000000106ae00000] [id=3128]
  0x0000019bb1683800 GCTaskThread "GC Thread#0" [stack: 0x0000001069e00000,0x0000001069f00000] [id=1164]
  0x0000019bcda5e000 GCTaskThread "GC Thread#1" [stack: 0x000000106ae00000,0x000000106af00000] [id=6060]
  0x0000019bb16b3000 ConcurrentGCThread "G1 Main Marker" [stack: 0x0000001069f00000,0x000000106a000000] [id=6400]
  0x0000019bb16b4800 ConcurrentGCThread "G1 Conc#0" [stack: 0x000000106a000000,0x000000106a100000] [id=3904]
  0x0000019bb16f5800 ConcurrentGCThread "G1 Refine#0" [stack: 0x000000106a100000,0x000000106a200000] [id=12604]
  0x0000019bd429f800 ConcurrentGCThread "G1 Refine#1" [stack: 0x000000106d500000,0x000000106d600000] [id=8164]
  0x0000019bb16f6800 ConcurrentGCThread "G1 Young RemSet Sampling" [stack: 0x000000106a200000,0x000000106a300000] [id=9552]

Threads with active compile tasks:
C2 CompilerThread0 883683 24133       4       com.android.tools.r8.dex.z$g$$Lambda$1761/0x0000000101245c40::apply (15 bytes)

VM state:at safepoint (normal execution)

VM Mutex/Monitor currently owned by a thread:  ([mutex/lock_event])
[0x0000019bb16677a0] Threads_lock - owner thread: 0x0000019bcd526000
[0x0000019bb1666e10] Heap_lock - owner thread: 0x0000019bd11dd800

Heap address: 0x0000000080000000, size: 2048 MB, Compressed Oops mode: 32-bit
Narrow klass base: 0x0000000000000000, Narrow klass shift: 3
Compressed class space size: 1073741824 Address: 0x0000000100000000

Heap:
 garbage-first heap   total 708608K, used 189952K [0x0000000080000000, 0x0000000100000000)
  region size 1024K, 3 young (3072K), 3 survivors (3072K)
 Metaspace       used 144977K, capacity 148799K, committed 148992K, reserved 1179648K
  class space    used 17758K, capacity 19182K, committed 19200K, reserved 1048576K
Heap Regions: E=young(eden), S=young(survivor), O=old, HS=humongous(starts), HC=humongous(continues), CS=collection set, F=free, A=archive, TAMS=top-at-mark-start (previous, next)
|   0|0x0000000080000000, 0x0000000080100000, 0x0000000080100000|100%| O|  |TAMS 0x0000000080100000, 0x0000000080100000| Untracked 
|   1|0x0000000080100000, 0x0000000080200000, 0x0000000080200000|100%| O|  |TAMS 0x0000000080200000, 0x0000000080200000| Untracked 
|   2|0x0000000080200000, 0x0000000080300000, 0x0000000080300000|100%| O|  |TAMS 0x0000000080300000, 0x0000000080300000| Untracked 
|   3|0x0000000080300000, 0x0000000080400000, 0x0000000080400000|100%| O|  |TAMS 0x0000000080400000, 0x0000000080400000| Untracked 
|   4|0x0000000080400000, 0x0000000080500000, 0x0000000080500000|100%|HS|  |TAMS 0x0000000080500000, 0x0000000080500000| Complete 
|   5|0x0000000080500000, 0x0000000080600000, 0x0000000080600000|100%|HC|  |TAMS 0x0000000080600000, 0x0000000080600000| Complete 
|   6|0x0000000080600000, 0x0000000080700000, 0x0000000080700000|100%|HC|  |TAMS 0x0000000080700000, 0x0000000080700000| Complete 
|   7|0x0000000080700000, 0x0000000080800000, 0x0000000080800000|100%| O|  |TAMS 0x0000000080800000, 0x0000000080800000| Untracked 
|   8|0x0000000080800000, 0x0000000080900000, 0x0000000080900000|100%| O|  |TAMS 0x0000000080900000, 0x0000000080900000| Untracked 
|   9|0x0000000080900000, 0x0000000080a00000, 0x0000000080a00000|100%| O|  |TAMS 0x0000000080a00000, 0x0000000080a00000| Untracked 
|  10|0x0000000080a00000, 0x0000000080b00000, 0x0000000080b00000|100%| O|  |TAMS 0x0000000080b00000, 0x0000000080b00000| Untracked 
|  11|0x0000000080b00000, 0x0000000080c00000, 0x0000000080c00000|100%| O|  |TAMS 0x0000000080c00000, 0x0000000080c00000| Untracked 
|  12|0x0000000080c00000, 0x0000000080d00000, 0x0000000080d00000|100%| O|  |TAMS 0x0000000080d00000, 0x0000000080d00000| Untracked 
|  13|0x0000000080d00000, 0x0000000080e00000, 0x0000000080e00000|100%| O|  |TAMS 0x0000000080e00000, 0x0000000080e00000| Untracked 
|  14|0x0000000080e00000, 0x0000000080f00000, 0x0000000080f00000|100%| O|  |TAMS 0x0000000080f00000, 0x0000000080f00000| Untracked 
|  15|0x0000000080f00000, 0x0000000081000000, 0x0000000081000000|100%| O|  |TAMS 0x0000000081000000, 0x0000000081000000| Untracked 
|  16|0x0000000081000000, 0x0000000081100000, 0x0000000081100000|100%|HS|  |TAMS 0x0000000081100000, 0x0000000081100000| Complete 
|  17|0x0000000081100000, 0x0000000081200000, 0x0000000081200000|100%|HC|  |TAMS 0x0000000081200000, 0x0000000081200000| Complete 
|  18|0x0000000081200000, 0x0000000081300000, 0x0000000081300000|100%|HS|  |TAMS 0x0000000081300000, 0x0000000081300000| Complete 
|  19|0x0000000081300000, 0x0000000081400000, 0x0000000081400000|100%|HC|  |TAMS 0x0000000081400000, 0x0000000081400000| Complete 
|  20|0x0000000081400000, 0x0000000081500000, 0x0000000081500000|100%|HC|  |TAMS 0x0000000081500000, 0x0000000081500000| Complete 
|  21|0x0000000081500000, 0x0000000081600000, 0x0000000081600000|100%|HS|  |TAMS 0x0000000081600000, 0x0000000081600000| Complete 
|  22|0x0000000081600000, 0x0000000081700000, 0x0000000081700000|100%|HC|  |TAMS 0x0000000081700000, 0x0000000081700000| Complete 
|  23|0x0000000081700000, 0x0000000081800000, 0x0000000081800000|100%|HC|  |TAMS 0x0000000081800000, 0x0000000081800000| Complete 
|  24|0x0000000081800000, 0x0000000081900000, 0x0000000081900000|100%|HC|  |TAMS 0x0000000081900000, 0x0000000081900000| Complete 
|  25|0x0000000081900000, 0x0000000081a00000, 0x0000000081a00000|100%|HC|  |TAMS 0x0000000081a00000, 0x0000000081a00000| Complete 
|  26|0x0000000081a00000, 0x0000000081b00000, 0x0000000081b00000|100%| O|  |TAMS 0x0000000081b00000, 0x0000000081b00000| Untracked 
|  27|0x0000000081b00000, 0x0000000081c00000, 0x0000000081c00000|100%| O|  |TAMS 0x0000000081c00000, 0x0000000081c00000| Untracked 
|  28|0x0000000081c00000, 0x0000000081d00000, 0x0000000081d00000|100%| O|  |TAMS 0x0000000081d00000, 0x0000000081d00000| Untracked 
|  29|0x0000000081d00000, 0x0000000081e00000, 0x0000000081e00000|100%| O|  |TAMS 0x0000000081e00000, 0x0000000081e00000| Untracked 
|  30|0x0000000081e00000, 0x0000000081f00000, 0x0000000081f00000|100%| O|  |TAMS 0x0000000081f00000, 0x0000000081f00000| Untracked 
|  31|0x0000000081f00000, 0x0000000082000000, 0x0000000082000000|100%| O|  |TAMS 0x0000000082000000, 0x0000000082000000| Untracked 
|  32|0x0000000082000000, 0x0000000082100000, 0x0000000082100000|100%| O|  |TAMS 0x0000000082100000, 0x0000000082100000| Untracked 
|  33|0x0000000082100000, 0x0000000082200000, 0x0000000082200000|100%| O|  |TAMS 0x0000000082200000, 0x0000000082200000| Untracked 
|  34|0x0000000082200000, 0x0000000082300000, 0x0000000082300000|100%| O|  |TAMS 0x0000000082300000, 0x0000000082300000| Untracked 
|  35|0x0000000082300000, 0x0000000082400000, 0x0000000082400000|100%| O|  |TAMS 0x0000000082400000, 0x0000000082400000| Untracked 
|  36|0x0000000082400000, 0x0000000082500000, 0x0000000082500000|100%| O|  |TAMS 0x0000000082500000, 0x0000000082500000| Untracked 
|  37|0x0000000082500000, 0x0000000082600000, 0x0000000082600000|100%| O|  |TAMS 0x0000000082600000, 0x0000000082600000| Untracked 
|  38|0x0000000082600000, 0x0000000082700000, 0x0000000082700000|100%| O|  |TAMS 0x0000000082700000, 0x0000000082700000| Untracked 
|  39|0x0000000082700000, 0x0000000082800000, 0x0000000082800000|100%|HS|  |TAMS 0x0000000082800000, 0x0000000082800000| Complete 
|  40|0x0000000082800000, 0x0000000082900000, 0x0000000082900000|100%|HC|  |TAMS 0x0000000082900000, 0x0000000082900000| Complete 
|  41|0x0000000082900000, 0x0000000082a00000, 0x0000000082a00000|100%|HC|  |TAMS 0x0000000082a00000, 0x0000000082a00000| Complete 
|  42|0x0000000082a00000, 0x0000000082b00000, 0x0000000082b00000|100%|HC|  |TAMS 0x0000000082b00000, 0x0000000082b00000| Complete 
|  43|0x0000000082b00000, 0x0000000082c00000, 0x0000000082c00000|100%|HC|  |TAMS 0x0000000082c00000, 0x0000000082c00000| Complete 
|  44|0x0000000082c00000, 0x0000000082d00000, 0x0000000082d00000|100%| O|  |TAMS 0x0000000082d00000, 0x0000000082d00000| Untracked 
|  45|0x0000000082d00000, 0x0000000082e00000, 0x0000000082e00000|100%| O|  |TAMS 0x0000000082e00000, 0x0000000082e00000| Untracked 
|  46|0x0000000082e00000, 0x0000000082f00000, 0x0000000082f00000|100%| O|  |TAMS 0x0000000082f00000, 0x0000000082f00000| Untracked 
|  47|0x0000000082f00000, 0x0000000083000000, 0x0000000083000000|100%| O|  |TAMS 0x0000000083000000, 0x0000000083000000| Untracked 
|  48|0x0000000083000000, 0x0000000083100000, 0x0000000083100000|100%|HS|  |TAMS 0x0000000083100000, 0x0000000083100000| Complete 
|  49|0x0000000083100000, 0x0000000083200000, 0x0000000083200000|100%|HC|  |TAMS 0x0000000083200000, 0x0000000083200000| Complete 
|  50|0x0000000083200000, 0x0000000083300000, 0x0000000083300000|100%|HC|  |TAMS 0x0000000083300000, 0x0000000083300000| Complete 
|  51|0x0000000083300000, 0x0000000083400000, 0x0000000083400000|100%| O|  |TAMS 0x0000000083400000, 0x0000000083400000| Untracked 
|  52|0x0000000083400000, 0x0000000083500000, 0x0000000083500000|100%| O|  |TAMS 0x0000000083500000, 0x0000000083500000| Untracked 
|  53|0x0000000083500000, 0x0000000083600000, 0x0000000083600000|100%| O|  |TAMS 0x0000000083600000, 0x0000000083600000| Untracked 
|  54|0x0000000083600000, 0x0000000083700000, 0x0000000083700000|100%| O|  |TAMS 0x0000000083700000, 0x0000000083700000| Untracked 
|  55|0x0000000083700000, 0x0000000083800000, 0x0000000083800000|100%| O|  |TAMS 0x0000000083800000, 0x0000000083800000| Untracked 
|  56|0x0000000083800000, 0x0000000083900000, 0x0000000083900000|100%| O|  |TAMS 0x0000000083900000, 0x0000000083900000| Untracked 
|  57|0x0000000083900000, 0x0000000083a00000, 0x0000000083a00000|100%| O|  |TAMS 0x0000000083a00000, 0x0000000083a00000| Untracked 
|  58|0x0000000083a00000, 0x0000000083b00000, 0x0000000083b00000|100%|HS|  |TAMS 0x0000000083b00000, 0x0000000083b00000| Complete 
|  59|0x0000000083b00000, 0x0000000083c00000, 0x0000000083c00000|100%|HS|  |TAMS 0x0000000083c00000, 0x0000000083c00000| Complete 
|  60|0x0000000083c00000, 0x0000000083d00000, 0x0000000083d00000|100%|HS|  |TAMS 0x0000000083d00000, 0x0000000083d00000| Complete 
|  61|0x0000000083d00000, 0x0000000083e00000, 0x0000000083e00000|100%|HC|  |TAMS 0x0000000083e00000, 0x0000000083e00000| Complete 
|  62|0x0000000083e00000, 0x0000000083f00000, 0x0000000083f00000|100%| O|  |TAMS 0x0000000083f00000, 0x0000000083f00000| Untracked 
|  63|0x0000000083f00000, 0x0000000084000000, 0x0000000084000000|100%| O|  |TAMS 0x0000000084000000, 0x0000000084000000| Untracked 
|  64|0x0000000084000000, 0x0000000084100000, 0x0000000084100000|100%| O|  |TAMS 0x0000000084100000, 0x0000000084100000| Untracked 
|  65|0x0000000084100000, 0x0000000084200000, 0x0000000084200000|100%| O|  |TAMS 0x0000000084200000, 0x0000000084200000| Untracked 
|  66|0x0000000084200000, 0x0000000084300000, 0x0000000084300000|100%| O|  |TAMS 0x0000000084300000, 0x0000000084300000| Untracked 
|  67|0x0000000084300000, 0x0000000084400000, 0x0000000084400000|100%| O|  |TAMS 0x0000000084400000, 0x0000000084400000| Untracked 
|  68|0x0000000084400000, 0x0000000084500000, 0x0000000084500000|100%| O|  |TAMS 0x0000000084500000, 0x0000000084500000| Untracked 
|  69|0x0000000084500000, 0x0000000084600000, 0x0000000084600000|100%| O|  |TAMS 0x0000000084600000, 0x0000000084600000| Untracked 
|  70|0x0000000084600000, 0x0000000084700000, 0x0000000084700000|100%| O|  |TAMS 0x0000000084700000, 0x0000000084700000| Untracked 
|  71|0x0000000084700000, 0x0000000084800000, 0x0000000084800000|100%| O|  |TAMS 0x0000000084800000, 0x0000000084800000| Untracked 
|  72|0x0000000084800000, 0x0000000084900000, 0x0000000084900000|100%| O|  |TAMS 0x0000000084900000, 0x0000000084900000| Untracked 
|  73|0x0000000084900000, 0x0000000084a00000, 0x0000000084a00000|100%| O|  |TAMS 0x0000000084a00000, 0x0000000084a00000| Untracked 
|  74|0x0000000084a00000, 0x0000000084b00000, 0x0000000084b00000|100%| O|  |TAMS 0x0000000084b00000, 0x0000000084b00000| Untracked 
|  75|0x0000000084b00000, 0x0000000084c00000, 0x0000000084c00000|100%| O|  |TAMS 0x0000000084c00000, 0x0000000084c00000| Untracked 
|  76|0x0000000084c00000, 0x0000000084d00000, 0x0000000084d00000|100%| O|  |TAMS 0x0000000084d00000, 0x0000000084d00000| Untracked 
|  77|0x0000000084d00000, 0x0000000084e00000, 0x0000000084e00000|100%| O|  |TAMS 0x0000000084e00000, 0x0000000084e00000| Untracked 
|  78|0x0000000084e00000, 0x0000000084f00000, 0x0000000084f00000|100%| O|  |TAMS 0x0000000084f00000, 0x0000000084f00000| Untracked 
|  79|0x0000000084f00000, 0x0000000085000000, 0x0000000085000000|100%| O|  |TAMS 0x0000000085000000, 0x0000000085000000| Untracked 
|  80|0x0000000085000000, 0x0000000085100000, 0x0000000085100000|100%| O|  |TAMS 0x0000000085100000, 0x0000000085100000| Untracked 
|  81|0x0000000085100000, 0x0000000085200000, 0x0000000085200000|100%| O|  |TAMS 0x0000000085200000, 0x0000000085200000| Untracked 
|  82|0x0000000085200000, 0x0000000085300000, 0x0000000085300000|100%| O|  |TAMS 0x0000000085300000, 0x0000000085300000| Untracked 
|  83|0x0000000085300000, 0x0000000085400000, 0x0000000085400000|100%| O|  |TAMS 0x0000000085400000, 0x0000000085400000| Untracked 
|  84|0x0000000085400000, 0x0000000085500000, 0x0000000085500000|100%| O|  |TAMS 0x0000000085500000, 0x0000000085500000| Untracked 
|  85|0x0000000085500000, 0x0000000085600000, 0x0000000085600000|100%| O|  |TAMS 0x0000000085600000, 0x0000000085600000| Untracked 
|  86|0x0000000085600000, 0x0000000085700000, 0x0000000085700000|100%| O|  |TAMS 0x0000000085700000, 0x0000000085700000| Untracked 
|  87|0x0000000085700000, 0x0000000085800000, 0x0000000085800000|100%| O|  |TAMS 0x0000000085800000, 0x0000000085800000| Untracked 
|  88|0x0000000085800000, 0x0000000085900000, 0x0000000085900000|100%| O|  |TAMS 0x0000000085900000, 0x0000000085900000| Untracked 
|  89|0x0000000085900000, 0x0000000085a00000, 0x0000000085a00000|100%| O|  |TAMS 0x0000000085a00000, 0x0000000085a00000| Untracked 
|  90|0x0000000085a00000, 0x0000000085b00000, 0x0000000085b00000|100%| O|  |TAMS 0x0000000085abb400, 0x0000000085b00000| Untracked 
|  91|0x0000000085b00000, 0x0000000085c00000, 0x0000000085c00000|100%| O|  |TAMS 0x0000000085c00000, 0x0000000085c00000| Untracked 
|  92|0x0000000085c00000, 0x0000000085d00000, 0x0000000085d00000|100%| O|  |TAMS 0x0000000085d00000, 0x0000000085d00000| Untracked 
|  93|0x0000000085d00000, 0x0000000085e00000, 0x0000000085e00000|100%| O|  |TAMS 0x0000000085e00000, 0x0000000085e00000| Untracked 
|  94|0x0000000085e00000, 0x0000000085f00000, 0x0000000085f00000|100%| O|  |TAMS 0x0000000085f00000, 0x0000000085f00000| Untracked 
|  95|0x0000000085f00000, 0x0000000086000000, 0x0000000086000000|100%| O|  |TAMS 0x0000000086000000, 0x0000000086000000| Untracked 
|  96|0x0000000086000000, 0x0000000086100000, 0x0000000086100000|100%| O|  |TAMS 0x0000000086100000, 0x0000000086100000| Untracked 
|  97|0x0000000086100000, 0x0000000086200000, 0x0000000086200000|100%| O|  |TAMS 0x0000000086200000, 0x0000000086200000| Untracked 
|  98|0x0000000086200000, 0x0000000086300000, 0x0000000086300000|100%| O|  |TAMS 0x0000000086300000, 0x0000000086300000| Untracked 
|  99|0x0000000086300000, 0x0000000086400000, 0x0000000086400000|100%| O|  |TAMS 0x0000000086400000, 0x0000000086400000| Untracked 
| 100|0x0000000086400000, 0x0000000086500000, 0x0000000086500000|100%| O|  |TAMS 0x0000000086500000, 0x0000000086500000| Untracked 
| 101|0x0000000086500000, 0x0000000086600000, 0x0000000086600000|100%| O|  |TAMS 0x0000000086600000, 0x0000000086600000| Untracked 
| 102|0x0000000086600000, 0x0000000086700000, 0x0000000086700000|100%| O|  |TAMS 0x0000000086700000, 0x0000000086700000| Untracked 
| 103|0x0000000086700000, 0x0000000086800000, 0x0000000086800000|100%| O|  |TAMS 0x0000000086800000, 0x0000000086800000| Untracked 
| 104|0x0000000086800000, 0x0000000086900000, 0x0000000086900000|100%| O|  |TAMS 0x0000000086900000, 0x0000000086900000| Untracked 
| 105|0x0000000086900000, 0x0000000086a00000, 0x0000000086a00000|100%| O|  |TAMS 0x0000000086a00000, 0x0000000086a00000| Untracked 
| 106|0x0000000086a00000, 0x0000000086b00000, 0x0000000086b00000|100%| O|  |TAMS 0x0000000086b00000, 0x0000000086b00000| Untracked 
| 107|0x0000000086b00000, 0x0000000086c00000, 0x0000000086c00000|100%| O|  |TAMS 0x0000000086c00000, 0x0000000086c00000| Untracked 
| 108|0x0000000086c00000, 0x0000000086d00000, 0x0000000086d00000|100%| O|  |TAMS 0x0000000086d00000, 0x0000000086d00000| Untracked 
| 109|0x0000000086d00000, 0x0000000086e00000, 0x0000000086e00000|100%| O|  |TAMS 0x0000000086e00000, 0x0000000086e00000| Untracked 
| 110|0x0000000086e00000, 0x0000000086f00000, 0x0000000086f00000|100%|HS|  |TAMS 0x0000000086f00000, 0x0000000086f00000| Complete 
| 111|0x0000000086f00000, 0x0000000087000000, 0x0000000087000000|100%| O|  |TAMS 0x0000000087000000, 0x0000000087000000| Untracked 
| 112|0x0000000087000000, 0x0000000087100000, 0x0000000087100000|100%| O|  |TAMS 0x0000000087100000, 0x0000000087100000| Untracked 
| 113|0x0000000087100000, 0x0000000087200000, 0x0000000087200000|100%| O|  |TAMS 0x0000000087200000, 0x0000000087200000| Untracked 
| 114|0x0000000087200000, 0x0000000087300000, 0x0000000087300000|100%| O|  |TAMS 0x0000000087300000, 0x0000000087300000| Untracked 
| 115|0x0000000087300000, 0x0000000087400000, 0x0000000087400000|100%| O|  |TAMS 0x0000000087400000, 0x0000000087400000| Untracked 
| 116|0x0000000087400000, 0x0000000087500000, 0x0000000087500000|100%| O|  |TAMS 0x0000000087500000, 0x0000000087500000| Untracked 
| 117|0x0000000087500000, 0x0000000087600000, 0x0000000087600000|100%| O|  |TAMS 0x0000000087600000, 0x0000000087600000| Untracked 
| 118|0x0000000087600000, 0x0000000087700000, 0x0000000087700000|100%| O|  |TAMS 0x0000000087700000, 0x0000000087700000| Untracked 
| 119|0x0000000087700000, 0x0000000087800000, 0x0000000087800000|100%| O|  |TAMS 0x0000000087800000, 0x0000000087800000| Untracked 
| 120|0x0000000087800000, 0x0000000087900000, 0x0000000087900000|100%| O|  |TAMS 0x0000000087900000, 0x0000000087900000| Untracked 
| 121|0x0000000087900000, 0x0000000087a00000, 0x0000000087a00000|100%| O|  |TAMS 0x0000000087a00000, 0x0000000087a00000| Untracked 
| 122|0x0000000087a00000, 0x0000000087b00000, 0x0000000087b00000|100%| O|  |TAMS 0x0000000087b00000, 0x0000000087b00000| Untracked 
| 123|0x0000000087b00000, 0x0000000087c00000, 0x0000000087c00000|100%| O|  |TAMS 0x0000000087c00000, 0x0000000087c00000| Untracked 
| 124|0x0000000087c00000, 0x0000000087d00000, 0x0000000087d00000|100%| O|  |TAMS 0x0000000087d00000, 0x0000000087d00000| Untracked 
| 125|0x0000000087d00000, 0x0000000087e00000, 0x0000000087e00000|100%| O|  |TAMS 0x0000000087e00000, 0x0000000087e00000| Untracked 
| 126|0x0000000087e00000, 0x0000000087f00000, 0x0000000087f00000|100%| O|  |TAMS 0x0000000087f00000, 0x0000000087f00000| Untracked 
| 127|0x0000000087f00000, 0x0000000088000000, 0x0000000088000000|100%| O|  |TAMS 0x0000000088000000, 0x0000000088000000| Untracked 
| 128|0x0000000088000000, 0x0000000088100000, 0x0000000088100000|100%| O|  |TAMS 0x0000000088100000, 0x0000000088100000| Untracked 
| 129|0x0000000088100000, 0x0000000088200000, 0x0000000088200000|100%| O|  |TAMS 0x0000000088200000, 0x0000000088200000| Untracked 
| 130|0x0000000088200000, 0x0000000088300000, 0x0000000088300000|100%|HS|  |TAMS 0x0000000088300000, 0x0000000088300000| Complete 
| 131|0x0000000088300000, 0x0000000088400000, 0x0000000088400000|100%|HC|  |TAMS 0x0000000088400000, 0x0000000088400000| Complete 
| 132|0x0000000088400000, 0x0000000088500000, 0x0000000088500000|100%|HS|  |TAMS 0x0000000088500000, 0x0000000088500000| Complete 
| 133|0x0000000088500000, 0x0000000088600000, 0x0000000088600000|100%| O|  |TAMS 0x0000000088500000, 0x0000000088600000| Untracked 
| 134|0x0000000088600000, 0x0000000088700000, 0x0000000088700000|100%| O|  |TAMS 0x0000000088600000, 0x0000000088700000| Untracked 
| 135|0x0000000088700000, 0x0000000088800000, 0x0000000088800000|100%| O|  |TAMS 0x0000000088700000, 0x0000000088800000| Untracked 
| 136|0x0000000088800000, 0x0000000088900000, 0x0000000088900000|100%| O|  |TAMS 0x0000000088800000, 0x0000000088900000| Untracked 
| 137|0x0000000088900000, 0x0000000088a00000, 0x0000000088a00000|100%| O|  |TAMS 0x0000000088900000, 0x0000000088a00000| Untracked 
| 138|0x0000000088a00000, 0x0000000088b00000, 0x0000000088b00000|100%| O|  |TAMS 0x0000000088a00000, 0x0000000088b00000| Untracked 
| 139|0x0000000088b00000, 0x0000000088c00000, 0x0000000088c00000|100%| O|  |TAMS 0x0000000088b00000, 0x0000000088c00000| Untracked 
| 140|0x0000000088c00000, 0x0000000088d00000, 0x0000000088d00000|100%| O|  |TAMS 0x0000000088c00000, 0x0000000088d00000| Untracked 
| 141|0x0000000088d00000, 0x0000000088e00000, 0x0000000088e00000|100%| O|  |TAMS 0x0000000088d00000, 0x0000000088e00000| Untracked 
| 142|0x0000000088e00000, 0x0000000088f00000, 0x0000000088f00000|100%| O|  |TAMS 0x0000000088e00000, 0x0000000088f00000| Untracked 
| 143|0x0000000088f00000, 0x0000000089000000, 0x0000000089000000|100%| O|  |TAMS 0x0000000089000000, 0x0000000089000000| Untracked 
| 144|0x0000000089000000, 0x0000000089100000, 0x0000000089100000|100%| O|  |TAMS 0x0000000089000000, 0x0000000089100000| Untracked 
| 145|0x0000000089100000, 0x0000000089200000, 0x0000000089200000|100%| O|  |TAMS 0x0000000089200000, 0x0000000089200000| Untracked 
| 146|0x0000000089200000, 0x0000000089300000, 0x0000000089300000|100%| O|  |TAMS 0x0000000089200000, 0x0000000089300000| Untracked 
| 147|0x0000000089300000, 0x0000000089400000, 0x0000000089400000|100%| O|  |TAMS 0x0000000089300000, 0x0000000089400000| Untracked 
| 148|0x0000000089400000, 0x0000000089500000, 0x0000000089500000|100%| O|  |TAMS 0x0000000089500000, 0x0000000089500000| Untracked 
| 149|0x0000000089500000, 0x0000000089600000, 0x0000000089600000|100%| O|  |TAMS 0x0000000089500000, 0x0000000089600000| Untracked 
| 150|0x0000000089600000, 0x0000000089700000, 0x0000000089700000|100%| O|  |TAMS 0x0000000089600000, 0x0000000089700000| Untracked 
| 151|0x0000000089700000, 0x0000000089800000, 0x0000000089800000|100%| O|  |TAMS 0x0000000089700000, 0x0000000089800000| Untracked 
| 152|0x0000000089800000, 0x0000000089900000, 0x0000000089900000|100%| O|  |TAMS 0x0000000089800000, 0x0000000089900000| Untracked 
| 153|0x0000000089900000, 0x0000000089a00000, 0x0000000089a00000|100%| O|  |TAMS 0x0000000089900000, 0x0000000089a00000| Untracked 
| 154|0x0000000089a00000, 0x0000000089b00000, 0x0000000089b00000|100%| O|  |TAMS 0x0000000089a00000, 0x0000000089b00000| Untracked 
| 155|0x0000000089b00000, 0x0000000089c00000, 0x0000000089c00000|100%| O|  |TAMS 0x0000000089b00000, 0x0000000089c00000| Untracked 
| 156|0x0000000089c00000, 0x0000000089d00000, 0x0000000089d00000|100%| O|  |TAMS 0x0000000089c00000, 0x0000000089d00000| Untracked 
| 157|0x0000000089d00000, 0x0000000089e00000, 0x0000000089e00000|100%| O|  |TAMS 0x0000000089d00000, 0x0000000089e00000| Untracked 
| 158|0x0000000089e00000, 0x0000000089f00000, 0x0000000089f00000|100%| O|  |TAMS 0x0000000089e00000, 0x0000000089f00000| Untracked 
| 159|0x0000000089f00000, 0x000000008a000000, 0x000000008a000000|100%| O|  |TAMS 0x0000000089f00000, 0x000000008a000000| Untracked 
| 160|0x000000008a000000, 0x000000008a100000, 0x000000008a100000|100%| O|  |TAMS 0x000000008a000000, 0x000000008a100000| Untracked 
| 161|0x000000008a100000, 0x000000008a200000, 0x000000008a200000|100%| O|  |TAMS 0x000000008a100000, 0x000000008a200000| Untracked 
| 162|0x000000008a200000, 0x000000008a300000, 0x000000008a300000|100%| O|  |TAMS 0x000000008a200000, 0x000000008a300000| Untracked 
| 163|0x000000008a300000, 0x000000008a400000, 0x000000008a400000|100%| O|  |TAMS 0x000000008a400000, 0x000000008a400000| Untracked 
| 164|0x000000008a400000, 0x000000008a500000, 0x000000008a500000|100%| O|  |TAMS 0x000000008a400000, 0x000000008a500000| Untracked 
| 165|0x000000008a500000, 0x000000008a600000, 0x000000008a600000|100%| O|  |TAMS 0x000000008a500000, 0x000000008a600000| Untracked 
| 166|0x000000008a600000, 0x000000008a700000, 0x000000008a700000|100%| O|  |TAMS 0x000000008a600000, 0x000000008a700000| Untracked 
| 167|0x000000008a700000, 0x000000008a800000, 0x000000008a800000|100%| O|  |TAMS 0x000000008a700000, 0x000000008a800000| Untracked 
| 168|0x000000008a800000, 0x000000008a900000, 0x000000008a900000|100%| O|  |TAMS 0x000000008a800000, 0x000000008a900000| Untracked 
| 169|0x000000008a900000, 0x000000008aa00000, 0x000000008aa00000|100%| O|  |TAMS 0x000000008a900000, 0x000000008aa00000| Untracked 
| 170|0x000000008aa00000, 0x000000008ab00000, 0x000000008ab00000|100%| O|  |TAMS 0x000000008aa00000, 0x000000008ab00000| Untracked 
| 171|0x000000008ab00000, 0x000000008ac00000, 0x000000008ac00000|100%| O|  |TAMS 0x000000008ab00000, 0x000000008ac00000| Untracked 
| 172|0x000000008ac00000, 0x000000008ad00000, 0x000000008ad00000|100%| O|  |TAMS 0x000000008ac00000, 0x000000008ad00000| Untracked 
| 173|0x000000008ad00000, 0x000000008ae00000, 0x000000008ae00000|100%| O|  |TAMS 0x000000008ad00000, 0x000000008ae00000| Untracked 
| 174|0x000000008ae00000, 0x000000008af00000, 0x000000008af00000|100%| O|  |TAMS 0x000000008ae00000, 0x000000008af00000| Untracked 
| 175|0x000000008af00000, 0x000000008b000000, 0x000000008b000000|100%| O|  |TAMS 0x000000008af00000, 0x000000008b000000| Untracked 
| 176|0x000000008b000000, 0x000000008b100000, 0x000000008b100000|100%| O|  |TAMS 0x000000008b000000, 0x000000008b100000| Untracked 
| 177|0x000000008b100000, 0x000000008b200000, 0x000000008b200000|100%| O|  |TAMS 0x000000008b100000, 0x000000008b200000| Untracked 
| 178|0x000000008b200000, 0x000000008b300000, 0x000000008b300000|100%| O|  |TAMS 0x000000008b200000, 0x000000008b300000| Untracked 
| 179|0x000000008b300000, 0x000000008b400000, 0x000000008b400000|100%| O|  |TAMS 0x000000008b300000, 0x000000008b380000| Untracked 
| 180|0x000000008b400000, 0x000000008b500000, 0x000000008b500000|100%|HS|  |TAMS 0x000000008b400000, 0x000000008b400000| Complete 
| 181|0x000000008b500000, 0x000000008b600000, 0x000000008b600000|100%|HS|  |TAMS 0x000000008b500000, 0x000000008b500000| Complete 
| 182|0x000000008b600000, 0x000000008b680000, 0x000000008b700000| 50%| O|  |TAMS 0x000000008b600000, 0x000000008b600000| Untracked 
| 183|0x000000008b700000, 0x000000008b700000, 0x000000008b800000|  0%| F|  |TAMS 0x000000008b700000, 0x000000008b700000| Untracked 
| 184|0x000000008b800000, 0x000000008b800000, 0x000000008b900000|  0%| F|  |TAMS 0x000000008b800000, 0x000000008b800000| Untracked 
| 185|0x000000008b900000, 0x000000008b900000, 0x000000008ba00000|  0%| F|  |TAMS 0x000000008b900000, 0x000000008b900000| Untracked 
| 186|0x000000008ba00000, 0x000000008ba00000, 0x000000008bb00000|  0%| F|  |TAMS 0x000000008ba00000, 0x000000008ba00000| Untracked 
| 187|0x000000008bb00000, 0x000000008bb00000, 0x000000008bc00000|  0%| F|  |TAMS 0x000000008bb00000, 0x000000008bb00000| Untracked 
| 188|0x000000008bc00000, 0x000000008bc00000, 0x000000008bd00000|  0%| F|  |TAMS 0x000000008bc00000, 0x000000008bc00000| Untracked 
| 189|0x000000008bd00000, 0x000000008bd00000, 0x000000008be00000|  0%| F|  |TAMS 0x000000008bd00000, 0x000000008bd00000| Untracked 
| 190|0x000000008be00000, 0x000000008be00000, 0x000000008bf00000|  0%| F|  |TAMS 0x000000008be00000, 0x000000008be00000| Untracked 
| 191|0x000000008bf00000, 0x000000008bf00000, 0x000000008c000000|  0%| F|  |TAMS 0x000000008bf00000, 0x000000008bf00000| Untracked 
| 192|0x000000008c000000, 0x000000008c000000, 0x000000008c100000|  0%| F|  |TAMS 0x000000008c000000, 0x000000008c000000| Untracked 
| 193|0x000000008c100000, 0x000000008c100000, 0x000000008c200000|  0%| F|  |TAMS 0x000000008c100000, 0x000000008c100000| Untracked 
| 194|0x000000008c200000, 0x000000008c200000, 0x000000008c300000|  0%| F|  |TAMS 0x000000008c200000, 0x000000008c200000| Untracked 
| 195|0x000000008c300000, 0x000000008c300000, 0x000000008c400000|  0%| F|  |TAMS 0x000000008c300000, 0x000000008c300000| Untracked 
| 196|0x000000008c400000, 0x000000008c400000, 0x000000008c500000|  0%| F|  |TAMS 0x000000008c400000, 0x000000008c400000| Untracked 
| 197|0x000000008c500000, 0x000000008c500000, 0x000000008c600000|  0%| F|  |TAMS 0x000000008c500000, 0x000000008c500000| Untracked 
| 198|0x000000008c600000, 0x000000008c600000, 0x000000008c700000|  0%| F|  |TAMS 0x000000008c600000, 0x000000008c600000| Untracked 
| 199|0x000000008c700000, 0x000000008c700000, 0x000000008c800000|  0%| F|  |TAMS 0x000000008c700000, 0x000000008c700000| Untracked 
| 200|0x000000008c800000, 0x000000008c800000, 0x000000008c900000|  0%| F|  |TAMS 0x000000008c800000, 0x000000008c800000| Untracked 
| 201|0x000000008c900000, 0x000000008c900000, 0x000000008ca00000|  0%| F|  |TAMS 0x000000008c900000, 0x000000008c900000| Untracked 
| 202|0x000000008ca00000, 0x000000008ca00000, 0x000000008cb00000|  0%| F|  |TAMS 0x000000008ca00000, 0x000000008ca00000| Untracked 
| 203|0x000000008cb00000, 0x000000008cb00000, 0x000000008cc00000|  0%| F|  |TAMS 0x000000008cb00000, 0x000000008cb00000| Untracked 
| 204|0x000000008cc00000, 0x000000008cc00000, 0x000000008cd00000|  0%| F|  |TAMS 0x000000008cc00000, 0x000000008cc00000| Untracked 
| 205|0x000000008cd00000, 0x000000008cd00000, 0x000000008ce00000|  0%| F|  |TAMS 0x000000008cd00000, 0x000000008cd00000| Untracked 
| 206|0x000000008ce00000, 0x000000008ce00000, 0x000000008cf00000|  0%| F|  |TAMS 0x000000008ce00000, 0x000000008ce00000| Untracked 
| 207|0x000000008cf00000, 0x000000008cf00000, 0x000000008d000000|  0%| F|  |TAMS 0x000000008cf00000, 0x000000008cf00000| Untracked 
| 208|0x000000008d000000, 0x000000008d000000, 0x000000008d100000|  0%| F|  |TAMS 0x000000008d000000, 0x000000008d000000| Untracked 
| 209|0x000000008d100000, 0x000000008d100000, 0x000000008d200000|  0%| F|  |TAMS 0x000000008d100000, 0x000000008d100000| Untracked 
| 210|0x000000008d200000, 0x000000008d200000, 0x000000008d300000|  0%| F|  |TAMS 0x000000008d200000, 0x000000008d200000| Untracked 
| 211|0x000000008d300000, 0x000000008d300000, 0x000000008d400000|  0%| F|  |TAMS 0x000000008d300000, 0x000000008d300000| Untracked 
| 212|0x000000008d400000, 0x000000008d400000, 0x000000008d500000|  0%| F|  |TAMS 0x000000008d400000, 0x000000008d400000| Untracked 
| 213|0x000000008d500000, 0x000000008d500000, 0x000000008d600000|  0%| F|  |TAMS 0x000000008d500000, 0x000000008d500000| Untracked 
| 214|0x000000008d600000, 0x000000008d600000, 0x000000008d700000|  0%| F|  |TAMS 0x000000008d600000, 0x000000008d600000| Untracked 
| 215|0x000000008d700000, 0x000000008d700000, 0x000000008d800000|  0%| F|  |TAMS 0x000000008d700000, 0x000000008d700000| Untracked 
| 216|0x000000008d800000, 0x000000008d800000, 0x000000008d900000|  0%| F|  |TAMS 0x000000008d800000, 0x000000008d800000| Untracked 
| 217|0x000000008d900000, 0x000000008d900000, 0x000000008da00000|  0%| F|  |TAMS 0x000000008d900000, 0x000000008d900000| Untracked 
| 218|0x000000008da00000, 0x000000008da00000, 0x000000008db00000|  0%| F|  |TAMS 0x000000008da00000, 0x000000008da00000| Untracked 
| 219|0x000000008db00000, 0x000000008db00000, 0x000000008dc00000|  0%| F|  |TAMS 0x000000008db00000, 0x000000008db00000| Untracked 
| 220|0x000000008dc00000, 0x000000008dc00000, 0x000000008dd00000|  0%| F|  |TAMS 0x000000008dc00000, 0x000000008dc00000| Untracked 
| 221|0x000000008dd00000, 0x000000008dd00000, 0x000000008de00000|  0%| F|  |TAMS 0x000000008dd00000, 0x000000008dd00000| Untracked 
| 222|0x000000008de00000, 0x000000008de00000, 0x000000008df00000|  0%| F|  |TAMS 0x000000008de00000, 0x000000008de00000| Untracked 
| 223|0x000000008df00000, 0x000000008df00000, 0x000000008e000000|  0%| F|  |TAMS 0x000000008df00000, 0x000000008df00000| Untracked 
| 224|0x000000008e000000, 0x000000008e000000, 0x000000008e100000|  0%| F|  |TAMS 0x000000008e000000, 0x000000008e000000| Untracked 
| 225|0x000000008e100000, 0x000000008e100000, 0x000000008e200000|  0%| F|  |TAMS 0x000000008e100000, 0x000000008e100000| Untracked 
| 226|0x000000008e200000, 0x000000008e200000, 0x000000008e300000|  0%| F|  |TAMS 0x000000008e200000, 0x000000008e200000| Untracked 
| 227|0x000000008e300000, 0x000000008e300000, 0x000000008e400000|  0%| F|  |TAMS 0x000000008e300000, 0x000000008e300000| Untracked 
| 228|0x000000008e400000, 0x000000008e400000, 0x000000008e500000|  0%| F|  |TAMS 0x000000008e400000, 0x000000008e400000| Untracked 
| 229|0x000000008e500000, 0x000000008e500000, 0x000000008e600000|  0%| F|  |TAMS 0x000000008e500000, 0x000000008e500000| Untracked 
| 230|0x000000008e600000, 0x000000008e600000, 0x000000008e700000|  0%| F|  |TAMS 0x000000008e600000, 0x000000008e600000| Untracked 
| 231|0x000000008e700000, 0x000000008e700000, 0x000000008e800000|  0%| F|  |TAMS 0x000000008e700000, 0x000000008e700000| Untracked 
| 232|0x000000008e800000, 0x000000008e800000, 0x000000008e900000|  0%| F|  |TAMS 0x000000008e800000, 0x000000008e800000| Untracked 
| 233|0x000000008e900000, 0x000000008e900000, 0x000000008ea00000|  0%| F|  |TAMS 0x000000008e900000, 0x000000008e900000| Untracked 
| 234|0x000000008ea00000, 0x000000008ea00000, 0x000000008eb00000|  0%| F|  |TAMS 0x000000008ea00000, 0x000000008ea00000| Untracked 
| 235|0x000000008eb00000, 0x000000008eb00000, 0x000000008ec00000|  0%| F|  |TAMS 0x000000008eb00000, 0x000000008eb00000| Untracked 
| 236|0x000000008ec00000, 0x000000008ec00000, 0x000000008ed00000|  0%| F|  |TAMS 0x000000008ec00000, 0x000000008ec00000| Untracked 
| 237|0x000000008ed00000, 0x000000008ed00000, 0x000000008ee00000|  0%| F|  |TAMS 0x000000008ed00000, 0x000000008ed00000| Untracked 
| 238|0x000000008ee00000, 0x000000008ee00000, 0x000000008ef00000|  0%| F|  |TAMS 0x000000008ee00000, 0x000000008ee00000| Untracked 
| 239|0x000000008ef00000, 0x000000008ef00000, 0x000000008f000000|  0%| F|  |TAMS 0x000000008ef00000, 0x000000008ef00000| Untracked 
| 240|0x000000008f000000, 0x000000008f000000, 0x000000008f100000|  0%| F|  |TAMS 0x000000008f000000, 0x000000008f000000| Untracked 
| 241|0x000000008f100000, 0x000000008f100000, 0x000000008f200000|  0%| F|  |TAMS 0x000000008f100000, 0x000000008f100000| Untracked 
| 242|0x000000008f200000, 0x000000008f200000, 0x000000008f300000|  0%| F|  |TAMS 0x000000008f200000, 0x000000008f200000| Untracked 
| 243|0x000000008f300000, 0x000000008f300000, 0x000000008f400000|  0%| F|  |TAMS 0x000000008f300000, 0x000000008f300000| Untracked 
| 244|0x000000008f400000, 0x000000008f400000, 0x000000008f500000|  0%| F|  |TAMS 0x000000008f400000, 0x000000008f400000| Untracked 
| 245|0x000000008f500000, 0x000000008f500000, 0x000000008f600000|  0%| F|  |TAMS 0x000000008f500000, 0x000000008f500000| Untracked 
| 246|0x000000008f600000, 0x000000008f600000, 0x000000008f700000|  0%| F|  |TAMS 0x000000008f600000, 0x000000008f600000| Untracked 
| 247|0x000000008f700000, 0x000000008f700000, 0x000000008f800000|  0%| F|  |TAMS 0x000000008f700000, 0x000000008f700000| Untracked 
| 248|0x000000008f800000, 0x000000008f800000, 0x000000008f900000|  0%| F|  |TAMS 0x000000008f800000, 0x000000008f800000| Untracked 
| 249|0x000000008f900000, 0x000000008f900000, 0x000000008fa00000|  0%| F|  |TAMS 0x000000008f900000, 0x000000008f900000| Untracked 
| 250|0x000000008fa00000, 0x000000008fa00000, 0x000000008fb00000|  0%| F|  |TAMS 0x000000008fa00000, 0x000000008fa00000| Untracked 
| 251|0x000000008fb00000, 0x000000008fb00000, 0x000000008fc00000|  0%| F|  |TAMS 0x000000008fb00000, 0x000000008fb00000| Untracked 
| 252|0x000000008fc00000, 0x000000008fc00000, 0x000000008fd00000|  0%| F|  |TAMS 0x000000008fc00000, 0x000000008fc00000| Untracked 
| 253|0x000000008fd00000, 0x000000008fd00000, 0x000000008fe00000|  0%| F|  |TAMS 0x000000008fd00000, 0x000000008fd00000| Untracked 
| 254|0x000000008fe00000, 0x000000008fe00000, 0x000000008ff00000|  0%| F|  |TAMS 0x000000008fe00000, 0x000000008fe00000| Untracked 
| 255|0x000000008ff00000, 0x000000008ff00000, 0x0000000090000000|  0%| F|  |TAMS 0x000000008ff00000, 0x000000008ff00000| Untracked 
| 256|0x0000000090000000, 0x0000000090000000, 0x0000000090100000|  0%| F|  |TAMS 0x0000000090000000, 0x0000000090000000| Untracked 
| 257|0x0000000090100000, 0x0000000090100000, 0x0000000090200000|  0%| F|  |TAMS 0x0000000090100000, 0x0000000090100000| Untracked 
| 258|0x0000000090200000, 0x0000000090200000, 0x0000000090300000|  0%| F|  |TAMS 0x0000000090200000, 0x0000000090200000| Untracked 
| 259|0x0000000090300000, 0x0000000090300000, 0x0000000090400000|  0%| F|  |TAMS 0x0000000090300000, 0x0000000090300000| Untracked 
| 260|0x0000000090400000, 0x0000000090400000, 0x0000000090500000|  0%| F|  |TAMS 0x0000000090400000, 0x0000000090400000| Untracked 
| 261|0x0000000090500000, 0x0000000090500000, 0x0000000090600000|  0%| F|  |TAMS 0x0000000090500000, 0x0000000090500000| Untracked 
| 262|0x0000000090600000, 0x0000000090600000, 0x0000000090700000|  0%| F|  |TAMS 0x0000000090600000, 0x0000000090600000| Untracked 
| 263|0x0000000090700000, 0x0000000090700000, 0x0000000090800000|  0%| F|  |TAMS 0x0000000090700000, 0x0000000090700000| Untracked 
| 264|0x0000000090800000, 0x0000000090800000, 0x0000000090900000|  0%| F|  |TAMS 0x0000000090800000, 0x0000000090800000| Untracked 
| 265|0x0000000090900000, 0x0000000090900000, 0x0000000090a00000|  0%| F|  |TAMS 0x0000000090900000, 0x0000000090900000| Untracked 
| 266|0x0000000090a00000, 0x0000000090a00000, 0x0000000090b00000|  0%| F|  |TAMS 0x0000000090a00000, 0x0000000090a00000| Untracked 
| 267|0x0000000090b00000, 0x0000000090b00000, 0x0000000090c00000|  0%| F|  |TAMS 0x0000000090b00000, 0x0000000090b00000| Untracked 
| 268|0x0000000090c00000, 0x0000000090c00000, 0x0000000090d00000|  0%| F|  |TAMS 0x0000000090c00000, 0x0000000090c00000| Untracked 
| 269|0x0000000090d00000, 0x0000000090d00000, 0x0000000090e00000|  0%| F|  |TAMS 0x0000000090d00000, 0x0000000090d00000| Untracked 
| 270|0x0000000090e00000, 0x0000000090e00000, 0x0000000090f00000|  0%| F|  |TAMS 0x0000000090e00000, 0x0000000090e00000| Untracked 
| 271|0x0000000090f00000, 0x0000000090f00000, 0x0000000091000000|  0%| F|  |TAMS 0x0000000090f00000, 0x0000000090f00000| Untracked 
| 272|0x0000000091000000, 0x0000000091000000, 0x0000000091100000|  0%| F|  |TAMS 0x0000000091000000, 0x0000000091000000| Untracked 
| 273|0x0000000091100000, 0x0000000091100000, 0x0000000091200000|  0%| F|  |TAMS 0x0000000091100000, 0x0000000091100000| Untracked 
| 274|0x0000000091200000, 0x0000000091200000, 0x0000000091300000|  0%| F|  |TAMS 0x0000000091200000, 0x0000000091200000| Untracked 
| 275|0x0000000091300000, 0x0000000091300000, 0x0000000091400000|  0%| F|  |TAMS 0x0000000091300000, 0x0000000091300000| Untracked 
| 276|0x0000000091400000, 0x0000000091400000, 0x0000000091500000|  0%| F|  |TAMS 0x0000000091400000, 0x0000000091400000| Untracked 
| 277|0x0000000091500000, 0x0000000091500000, 0x0000000091600000|  0%| F|  |TAMS 0x0000000091500000, 0x0000000091500000| Untracked 
| 278|0x0000000091600000, 0x0000000091600000, 0x0000000091700000|  0%| F|  |TAMS 0x0000000091600000, 0x0000000091600000| Untracked 
| 279|0x0000000091700000, 0x0000000091700000, 0x0000000091800000|  0%| F|  |TAMS 0x0000000091700000, 0x0000000091700000| Untracked 
| 280|0x0000000091800000, 0x0000000091800000, 0x0000000091900000|  0%| F|  |TAMS 0x0000000091800000, 0x0000000091800000| Untracked 
| 281|0x0000000091900000, 0x0000000091900000, 0x0000000091a00000|  0%| F|  |TAMS 0x0000000091900000, 0x0000000091900000| Untracked 
| 282|0x0000000091a00000, 0x0000000091a00000, 0x0000000091b00000|  0%| F|  |TAMS 0x0000000091a00000, 0x0000000091a00000| Untracked 
| 283|0x0000000091b00000, 0x0000000091b00000, 0x0000000091c00000|  0%| F|  |TAMS 0x0000000091b00000, 0x0000000091b00000| Untracked 
| 284|0x0000000091c00000, 0x0000000091c00000, 0x0000000091d00000|  0%| F|  |TAMS 0x0000000091c00000, 0x0000000091c00000| Untracked 
| 285|0x0000000091d00000, 0x0000000091d00000, 0x0000000091e00000|  0%| F|  |TAMS 0x0000000091d00000, 0x0000000091d00000| Untracked 
| 286|0x0000000091e00000, 0x0000000091e00000, 0x0000000091f00000|  0%| F|  |TAMS 0x0000000091e00000, 0x0000000091e00000| Untracked 
| 287|0x0000000091f00000, 0x0000000091f00000, 0x0000000092000000|  0%| F|  |TAMS 0x0000000091f00000, 0x0000000091f00000| Untracked 
| 288|0x0000000092000000, 0x0000000092000000, 0x0000000092100000|  0%| F|  |TAMS 0x0000000092000000, 0x0000000092000000| Untracked 
| 289|0x0000000092100000, 0x0000000092100000, 0x0000000092200000|  0%| F|  |TAMS 0x0000000092100000, 0x0000000092100000| Untracked 
| 290|0x0000000092200000, 0x0000000092200000, 0x0000000092300000|  0%| F|  |TAMS 0x0000000092200000, 0x0000000092200000| Untracked 
| 291|0x0000000092300000, 0x0000000092300000, 0x0000000092400000|  0%| F|  |TAMS 0x0000000092300000, 0x0000000092300000| Untracked 
| 292|0x0000000092400000, 0x0000000092400000, 0x0000000092500000|  0%| F|  |TAMS 0x0000000092400000, 0x0000000092400000| Untracked 
| 293|0x0000000092500000, 0x0000000092500000, 0x0000000092600000|  0%| F|  |TAMS 0x0000000092500000, 0x0000000092500000| Untracked 
| 294|0x0000000092600000, 0x0000000092600000, 0x0000000092700000|  0%| F|  |TAMS 0x0000000092600000, 0x0000000092600000| Untracked 
| 295|0x0000000092700000, 0x0000000092700000, 0x0000000092800000|  0%| F|  |TAMS 0x0000000092700000, 0x0000000092700000| Untracked 
| 296|0x0000000092800000, 0x0000000092800000, 0x0000000092900000|  0%| F|  |TAMS 0x0000000092800000, 0x0000000092800000| Untracked 
| 297|0x0000000092900000, 0x0000000092900000, 0x0000000092a00000|  0%| F|  |TAMS 0x0000000092900000, 0x0000000092900000| Untracked 
| 298|0x0000000092a00000, 0x0000000092a00000, 0x0000000092b00000|  0%| F|  |TAMS 0x0000000092a00000, 0x0000000092a00000| Untracked 
| 299|0x0000000092b00000, 0x0000000092b00000, 0x0000000092c00000|  0%| F|  |TAMS 0x0000000092b00000, 0x0000000092b00000| Untracked 
| 300|0x0000000092c00000, 0x0000000092c00000, 0x0000000092d00000|  0%| F|  |TAMS 0x0000000092c00000, 0x0000000092c00000| Untracked 
| 301|0x0000000092d00000, 0x0000000092d00000, 0x0000000092e00000|  0%| F|  |TAMS 0x0000000092d00000, 0x0000000092d00000| Untracked 
| 302|0x0000000092e00000, 0x0000000092e00000, 0x0000000092f00000|  0%| F|  |TAMS 0x0000000092e00000, 0x0000000092e00000| Untracked 
| 303|0x0000000092f00000, 0x0000000092f00000, 0x0000000093000000|  0%| F|  |TAMS 0x0000000092f00000, 0x0000000092f00000| Untracked 
| 304|0x0000000093000000, 0x0000000093000000, 0x0000000093100000|  0%| F|  |TAMS 0x0000000093000000, 0x0000000093000000| Untracked 
| 305|0x0000000093100000, 0x0000000093100000, 0x0000000093200000|  0%| F|  |TAMS 0x0000000093100000, 0x0000000093100000| Untracked 
| 306|0x0000000093200000, 0x0000000093200000, 0x0000000093300000|  0%| F|  |TAMS 0x0000000093200000, 0x0000000093200000| Untracked 
| 307|0x0000000093300000, 0x0000000093300000, 0x0000000093400000|  0%| F|  |TAMS 0x0000000093300000, 0x0000000093300000| Untracked 
| 308|0x0000000093400000, 0x0000000093400000, 0x0000000093500000|  0%| F|  |TAMS 0x0000000093400000, 0x0000000093400000| Untracked 
| 309|0x0000000093500000, 0x0000000093500000, 0x0000000093600000|  0%| F|  |TAMS 0x0000000093500000, 0x0000000093500000| Untracked 
| 310|0x0000000093600000, 0x0000000093600000, 0x0000000093700000|  0%| F|  |TAMS 0x0000000093600000, 0x0000000093600000| Untracked 
| 311|0x0000000093700000, 0x0000000093700000, 0x0000000093800000|  0%| F|  |TAMS 0x0000000093700000, 0x0000000093700000| Untracked 
| 312|0x0000000093800000, 0x0000000093800000, 0x0000000093900000|  0%| F|  |TAMS 0x0000000093800000, 0x0000000093800000| Untracked 
| 313|0x0000000093900000, 0x0000000093900000, 0x0000000093a00000|  0%| F|  |TAMS 0x0000000093900000, 0x0000000093900000| Untracked 
| 314|0x0000000093a00000, 0x0000000093a00000, 0x0000000093b00000|  0%| F|  |TAMS 0x0000000093a00000, 0x0000000093a00000| Untracked 
| 315|0x0000000093b00000, 0x0000000093b00000, 0x0000000093c00000|  0%| F|  |TAMS 0x0000000093b00000, 0x0000000093b00000| Untracked 
| 316|0x0000000093c00000, 0x0000000093c00000, 0x0000000093d00000|  0%| F|  |TAMS 0x0000000093c00000, 0x0000000093c00000| Untracked 
| 317|0x0000000093d00000, 0x0000000093d00000, 0x0000000093e00000|  0%| F|  |TAMS 0x0000000093d00000, 0x0000000093d00000| Untracked 
| 318|0x0000000093e00000, 0x0000000093e00000, 0x0000000093f00000|  0%| F|  |TAMS 0x0000000093e00000, 0x0000000093e00000| Untracked 
| 319|0x0000000093f00000, 0x0000000093f00000, 0x0000000094000000|  0%| F|  |TAMS 0x0000000093f00000, 0x0000000093f00000| Untracked 
| 320|0x0000000094000000, 0x0000000094000000, 0x0000000094100000|  0%| F|  |TAMS 0x0000000094000000, 0x0000000094000000| Untracked 
| 321|0x0000000094100000, 0x0000000094100000, 0x0000000094200000|  0%| F|  |TAMS 0x0000000094100000, 0x0000000094100000| Untracked 
| 322|0x0000000094200000, 0x0000000094200000, 0x0000000094300000|  0%| F|  |TAMS 0x0000000094200000, 0x0000000094200000| Untracked 
| 323|0x0000000094300000, 0x0000000094300000, 0x0000000094400000|  0%| F|  |TAMS 0x0000000094300000, 0x0000000094300000| Untracked 
| 324|0x0000000094400000, 0x0000000094400000, 0x0000000094500000|  0%| F|  |TAMS 0x0000000094400000, 0x0000000094400000| Untracked 
| 325|0x0000000094500000, 0x0000000094500000, 0x0000000094600000|  0%| F|  |TAMS 0x0000000094500000, 0x0000000094500000| Untracked 
| 326|0x0000000094600000, 0x0000000094600000, 0x0000000094700000|  0%| F|  |TAMS 0x0000000094600000, 0x0000000094600000| Untracked 
| 327|0x0000000094700000, 0x0000000094700000, 0x0000000094800000|  0%| F|  |TAMS 0x0000000094700000, 0x0000000094700000| Untracked 
| 328|0x0000000094800000, 0x0000000094800000, 0x0000000094900000|  0%| F|  |TAMS 0x0000000094800000, 0x0000000094800000| Untracked 
| 329|0x0000000094900000, 0x0000000094900000, 0x0000000094a00000|  0%| F|  |TAMS 0x0000000094900000, 0x0000000094900000| Untracked 
| 330|0x0000000094a00000, 0x0000000094a00000, 0x0000000094b00000|  0%| F|  |TAMS 0x0000000094a00000, 0x0000000094a00000| Untracked 
| 331|0x0000000094b00000, 0x0000000094b00000, 0x0000000094c00000|  0%| F|  |TAMS 0x0000000094b00000, 0x0000000094b00000| Untracked 
| 332|0x0000000094c00000, 0x0000000094c00000, 0x0000000094d00000|  0%| F|  |TAMS 0x0000000094c00000, 0x0000000094c00000| Untracked 
| 333|0x0000000094d00000, 0x0000000094e00000, 0x0000000094e00000|100%| S|CS|TAMS 0x0000000094d00000, 0x0000000094d00000| Complete 
| 334|0x0000000094e00000, 0x0000000094f00000, 0x0000000094f00000|100%| S|CS|TAMS 0x0000000094e00000, 0x0000000094e00000| Complete 
| 335|0x0000000094f00000, 0x0000000095000000, 0x0000000095000000|100%| S|CS|TAMS 0x0000000094f00000, 0x0000000094f00000| Complete 
| 336|0x0000000095000000, 0x0000000095000000, 0x0000000095100000|  0%| F|  |TAMS 0x0000000095000000, 0x0000000095000000| Untracked 
| 337|0x0000000095100000, 0x0000000095100000, 0x0000000095200000|  0%| F|  |TAMS 0x0000000095100000, 0x0000000095100000| Untracked 
| 338|0x0000000095200000, 0x0000000095200000, 0x0000000095300000|  0%| F|  |TAMS 0x0000000095200000, 0x0000000095200000| Untracked 
| 339|0x0000000095300000, 0x0000000095300000, 0x0000000095400000|  0%| F|  |TAMS 0x0000000095300000, 0x0000000095300000| Untracked 
| 340|0x0000000095400000, 0x0000000095400000, 0x0000000095500000|  0%| F|  |TAMS 0x0000000095400000, 0x0000000095400000| Untracked 
| 341|0x0000000095500000, 0x0000000095500000, 0x0000000095600000|  0%| F|  |TAMS 0x0000000095500000, 0x0000000095500000| Untracked 
| 342|0x0000000095600000, 0x0000000095600000, 0x0000000095700000|  0%| F|  |TAMS 0x0000000095600000, 0x0000000095600000| Untracked 
| 343|0x0000000095700000, 0x0000000095700000, 0x0000000095800000|  0%| F|  |TAMS 0x0000000095700000, 0x0000000095700000| Untracked 
| 344|0x0000000095800000, 0x0000000095800000, 0x0000000095900000|  0%| F|  |TAMS 0x0000000095800000, 0x0000000095800000| Untracked 
| 345|0x0000000095900000, 0x0000000095900000, 0x0000000095a00000|  0%| F|  |TAMS 0x0000000095900000, 0x0000000095900000| Untracked 
| 346|0x0000000095a00000, 0x0000000095a00000, 0x0000000095b00000|  0%| F|  |TAMS 0x0000000095a00000, 0x0000000095a00000| Untracked 
| 347|0x0000000095b00000, 0x0000000095b00000, 0x0000000095c00000|  0%| F|  |TAMS 0x0000000095b00000, 0x0000000095b00000| Untracked 
| 348|0x0000000095c00000, 0x0000000095c00000, 0x0000000095d00000|  0%| F|  |TAMS 0x0000000095c00000, 0x0000000095c00000| Untracked 
| 349|0x0000000095d00000, 0x0000000095d00000, 0x0000000095e00000|  0%| F|  |TAMS 0x0000000095d00000, 0x0000000095d00000| Untracked 
| 350|0x0000000095e00000, 0x0000000095e00000, 0x0000000095f00000|  0%| F|  |TAMS 0x0000000095e00000, 0x0000000095e00000| Untracked 
| 351|0x0000000095f00000, 0x0000000095f00000, 0x0000000096000000|  0%| F|  |TAMS 0x0000000095f00000, 0x0000000095f00000| Untracked 
| 352|0x0000000096000000, 0x0000000096000000, 0x0000000096100000|  0%| F|  |TAMS 0x0000000096000000, 0x0000000096000000| Untracked 

Card table byte_map: [0x0000019bc6160000,0x0000019bc6560000] _byte_map_base: 0x0000019bc5d60000

Marking Bits (Prev, Next): (CMBitMap*) 0x0000019bb16aa548, (CMBitMap*) 0x0000019bb16aa580
 Prev Bits: [0x0000019bc6960000, 0x0000019bc8960000)
 Next Bits: [0x0000019bc8960000, 0x0000019bca960000)

Polling page: 0x0000019bb1750000

Metaspace:

Usage:
  Non-class:    126.58 MB capacity,   124.24 MB ( 98%) used,     1.89 MB (  1%) free+waste,   459.00 KB ( <1%) overhead. 
      Class:     18.73 MB capacity,    17.34 MB ( 93%) used,     1.19 MB (  6%) free+waste,   200.50 KB (  1%) overhead. 
       Both:    145.31 MB capacity,   141.58 MB ( 97%) used,     3.09 MB (  2%) free+waste,   659.50 KB ( <1%) overhead. 

Virtual space:
  Non-class space:      128.00 MB reserved,     126.75 MB (>99%) committed 
      Class space:        1.00 GB reserved,      18.75 MB (  2%) committed 
             Both:        1.13 GB reserved,     145.50 MB ( 13%) committed 

Chunk freelists:
   Non-Class:  47.00 KB
       Class:  18.00 KB
        Both:  65.00 KB

MaxMetaspaceSize: 17179869184.00 GB
CompressedClassSpaceSize: 1.00 GB

CodeHeap 'non-profiled nmethods': size=120064Kb used=15287Kb max_used=15287Kb free=104776Kb
 bounds [0x0000019bbe420000, 0x0000019bbf310000, 0x0000019bc5960000]
CodeHeap 'profiled nmethods': size=120000Kb used=49481Kb max_used=49481Kb free=70518Kb
 bounds [0x0000019bb6ef0000, 0x0000019bb9fe0000, 0x0000019bbe420000]
CodeHeap 'non-nmethods': size=5696Kb used=2391Kb max_used=2479Kb free=3304Kb
 bounds [0x0000019bb6960000, 0x0000019bb6be0000, 0x0000019bb6ef0000]
 total_blobs=22593 nmethods=21569 adapters=934
 compilation: enabled
              stopped_count=0, restarted_count=0
 full_count=0

Compilation events (20 events):
Event: 883.329 Thread 0x0000019bcd6f6800 24125       3       com.android.tools.r8.code.d2::a (1 bytes)
Event: 883.330 Thread 0x0000019bcd6f6800 nmethod 24125 0x0000019bb83c5590 code [0x0000019bb83c5740, 0x0000019bb83c5838]
Event: 883.335 Thread 0x0000019bcd591800 nmethod 24122 0x0000019bbf30c290 code [0x0000019bbf30c4c0, 0x0000019bbf30ccf8]
Event: 883.335 Thread 0x0000019bcd591800 24124       4       com.android.tools.r8.code.o3::a (13 bytes)
Event: 883.339 Thread 0x0000019bcd6f6800 24126       3       com.android.tools.r8.internal.mu$a::next (25 bytes)
Event: 883.340 Thread 0x0000019bcd6f6800 nmethod 24126 0x0000019bb83da110 code [0x0000019bb83da2e0, 0x0000019bb83da688]
Event: 883.345 Thread 0x0000019bcd591800 nmethod 24124 0x0000019bbf30d490 code [0x0000019bbf30d6a0, 0x0000019bbf30da30]
Event: 883.346 Thread 0x0000019bcd591800 24127       4       com.android.tools.r8.graph.M::a (60 bytes)
Event: 883.350 Thread 0x0000019bcd6f6800 24128       3       org.gradle.internal.operations.DefaultBuildOperationRunner::call (24 bytes)
Event: 883.352 Thread 0x0000019bcd6f6800 nmethod 24128 0x0000019bb83d9110 code [0x0000019bb83d9360, 0x0000019bb83d9d68]
Event: 883.352 Thread 0x0000019bcd6f6800 24129       3       org.gradle.internal.operations.DefaultBuildOperationRunner$CallableBuildOperationWorker::execute (10 bytes)
Event: 883.352 Thread 0x0000019bcd591800 nmethod 24127 0x0000019bbf30e010 code [0x0000019bbf30e1e0, 0x0000019bbf30e488]
Event: 883.353 Thread 0x0000019bcd6f6800 nmethod 24129 0x0000019bb83d8a90 code [0x0000019bb83d8c60, 0x0000019bb83d9008]
Event: 883.354 Thread 0x0000019bcd591800 24130       4       com.android.tools.r8.code.H2::a (13 bytes)
Event: 883.357 Thread 0x0000019bcd591800 nmethod 24130 0x0000019bbf30e810 code [0x0000019bbf30e9e0, 0x0000019bbf30eb98]
Event: 883.373 Thread 0x0000019bcd6f6800 24131       3       com.android.tools.r8.code.v2::a (1 bytes)
Event: 883.373 Thread 0x0000019bcd6f6800 nmethod 24131 0x0000019bb83c5190 code [0x0000019bb83c5340, 0x0000019bb83c5438]
Event: 883.373 Thread 0x0000019bcd591800 24132       4       com.android.tools.r8.code.g2::a (1 bytes)
Event: 883.374 Thread 0x0000019bcd591800 nmethod 24132 0x0000019bbf30ee10 code [0x0000019bbf30efa0, 0x0000019bbf30eff8]
Event: 883.377 Thread 0x0000019bcd591800 24133       4       com.android.tools.r8.dex.z$g$$Lambda$1761/0x0000000101245c40::apply (15 bytes)

GC Heap History (20 events):
Event: 861.351 GC heap after
{Heap after GC invocations=101 (full 0):
 garbage-first heap   total 361472K, used 137650K [0x0000000080000000, 0x0000000100000000)
  region size 1024K, 3 young (3072K), 3 survivors (3072K)
 Metaspace       used 140775K, capacity 144361K, committed 144640K, reserved 1175552K
  class space    used 17323K, capacity 18630K, committed 18688K, reserved 1048576K
}
Event: 866.692 GC heap before
{Heap before GC invocations=102 (full 0):
 garbage-first heap   total 361472K, used 283058K [0x0000000080000000, 0x0000000100000000)
  region size 1024K, 146 young (149504K), 3 survivors (3072K)
 Metaspace       used 143267K, capacity 147054K, committed 147328K, reserved 1177600K
  class space    used 17600K, capacity 18976K, committed 19072K, reserved 1048576K
}
Event: 866.883 GC heap after
{Heap after GC invocations=103 (full 0):
 garbage-first heap   total 361472K, used 145017K [0x0000000080000000, 0x0000000100000000)
  region size 1024K, 10 young (10240K), 10 survivors (10240K)
 Metaspace       used 143267K, capacity 147054K, committed 147328K, reserved 1177600K
  class space    used 17600K, capacity 18976K, committed 19072K, reserved 1048576K
}
Event: 869.361 GC heap before
{Heap before GC invocations=103 (full 0):
 garbage-first heap   total 361472K, used 277113K [0x0000000080000000, 0x0000000100000000)
  region size 1024K, 139 young (142336K), 10 survivors (10240K)
 Metaspace       used 143453K, capacity 147328K, committed 147584K, reserved 1177600K
  class space    used 17629K, capacity 19020K, committed 19072K, reserved 1048576K
}
Event: 869.410 GC heap after
{Heap after GC invocations=104 (full 0):
 garbage-first heap   total 361472K, used 144621K [0x0000000080000000, 0x0000000100000000)
  region size 1024K, 9 young (9216K), 9 survivors (9216K)
 Metaspace       used 143453K, capacity 147328K, committed 147584K, reserved 1177600K
  class space    used 17629K, capacity 19020K, committed 19072K, reserved 1048576K
}
Event: 873.378 GC heap before
{Heap before GC invocations=105 (full 0):
 garbage-first heap   total 361472K, used 290029K [0x0000000080000000, 0x0000000100000000)
  region size 1024K, 152 young (155648K), 9 survivors (9216K)
 Metaspace       used 143616K, capacity 147426K, committed 147584K, reserved 1177600K
  class space    used 17629K, capacity 19021K, committed 19072K, reserved 1048576K
}
Event: 873.483 GC heap after
{Heap after GC invocations=106 (full 0):
 garbage-first heap   total 361472K, used 143597K [0x0000000080000000, 0x0000000100000000)
  region size 1024K, 8 young (8192K), 8 survivors (8192K)
 Metaspace       used 143616K, capacity 147426K, committed 147584K, reserved 1177600K
  class space    used 17629K, capacity 19021K, committed 19072K, reserved 1048576K
}
Event: 873.712 GC heap before
{Heap before GC invocations=106 (full 0):
 garbage-first heap   total 361472K, used 150765K [0x0000000080000000, 0x0000000100000000)
  region size 1024K, 16 young (16384K), 8 survivors (8192K)
 Metaspace       used 143649K, capacity 147494K, committed 147584K, reserved 1177600K
  class space    used 17630K, capacity 19021K, committed 19072K, reserved 1048576K
}
Event: 873.831 GC heap after
{Heap after GC invocations=107 (full 0):
 garbage-first heap   total 361472K, used 144621K [0x0000000080000000, 0x0000000100000000)
  region size 1024K, 9 young (9216K), 9 survivors (9216K)
 Metaspace       used 143649K, capacity 147494K, committed 147584K, reserved 1177600K
  class space    used 17630K, capacity 19021K, committed 19072K, reserved 1048576K
}
Event: 875.733 GC heap before
{Heap before GC invocations=108 (full 0):
 garbage-first heap   total 361472K, used 150765K [0x0000000080000000, 0x0000000100000000)
  region size 1024K, 16 young (16384K), 9 survivors (9216K)
 Metaspace       used 143935K, capacity 147735K, committed 147840K, reserved 1177600K
  class space    used 17655K, capacity 19027K, committed 19072K, reserved 1048576K
}
Event: 875.748 GC heap after
{Heap after GC invocations=109 (full 0):
 garbage-first heap   total 361472K, used 140013K [0x0000000080000000, 0x0000000100000000)
  region size 1024K, 4 young (4096K), 4 survivors (4096K)
 Metaspace       used 143935K, capacity 147735K, committed 147840K, reserved 1177600K
  class space    used 17655K, capacity 19027K, committed 19072K, reserved 1048576K
}
Event: 876.611 GC heap before
{Heap before GC invocations=110 (full 0):
 garbage-first heap   total 361472K, used 146157K [0x0000000080000000, 0x0000000100000000)
  region size 1024K, 9 young (9216K), 4 survivors (4096K)
 Metaspace       used 143942K, capacity 147741K, committed 147840K, reserved 1177600K
  class space    used 17657K, capacity 19029K, committed 19072K, reserved 1048576K
}
Event: 876.628 GC heap after
{Heap after GC invocations=111 (full 0):
 garbage-first heap   total 361472K, used 145601K [0x0000000080000000, 0x0000000100000000)
  region size 1024K, 7 young (7168K), 7 survivors (7168K)
 Metaspace       used 143942K, capacity 147741K, committed 147840K, reserved 1177600K
  class space    used 17657K, capacity 19029K, committed 19072K, reserved 1048576K
}
Event: 877.432 GC heap before
{Heap before GC invocations=112 (full 0):
 garbage-first heap   total 361472K, used 148673K [0x0000000080000000, 0x0000000100000000)
  region size 1024K, 11 young (11264K), 7 survivors (7168K)
 Metaspace       used 144318K, capacity 148111K, committed 148224K, reserved 1177600K
  class space    used 17716K, capacity 19131K, committed 19200K, reserved 1048576K
}
Event: 877.448 GC heap after
{Heap after GC invocations=113 (full 0):
 garbage-first heap   total 361472K, used 147181K [0x0000000080000000, 0x0000000100000000)
  region size 1024K, 7 young (7168K), 7 survivors (7168K)
 Metaspace       used 144318K, capacity 148111K, committed 148224K, reserved 1177600K
  class space    used 17716K, capacity 19131K, committed 19200K, reserved 1048576K
}
Event: 881.122 GC heap before
{Heap before GC invocations=114 (full 0):
 garbage-first heap   total 361472K, used 266989K [0x0000000080000000, 0x0000000100000000)
  region size 1024K, 117 young (119808K), 7 survivors (7168K)
 Metaspace       used 144954K, capacity 148793K, committed 148992K, reserved 1179648K
  class space    used 17758K, capacity 19181K, committed 19200K, reserved 1048576K
}
Event: 881.826 GC heap after
{Heap after GC invocations=115 (full 0):
 garbage-first heap   total 361472K, used 183665K [0x0000000080000000, 0x0000000100000000)
  region size 1024K, 15 young (15360K), 15 survivors (15360K)
 Metaspace       used 144954K, capacity 148793K, committed 148992K, reserved 1179648K
  class space    used 17758K, capacity 19181K, committed 19200K, reserved 1048576K
}
Event: 882.135 GC heap before
{Heap before GC invocations=115 (full 0):
 garbage-first heap   total 361472K, used 191857K [0x0000000080000000, 0x0000000100000000)
  region size 1024K, 23 young (23552K), 15 survivors (15360K)
 Metaspace       used 144964K, capacity 148793K, committed 148992K, reserved 1179648K
  class space    used 17758K, capacity 19181K, committed 19200K, reserved 1048576K
}
Event: 882.651 GC heap after
{Heap after GC invocations=116 (full 0):
 garbage-first heap   total 361472K, used 185856K [0x0000000080000000, 0x0000000100000000)
  region size 1024K, 2 young (2048K), 2 survivors (2048K)
 Metaspace       used 144964K, capacity 148793K, committed 148992K, reserved 1179648K
  class space    used 17758K, capacity 19181K, committed 19200K, reserved 1048576K
}
Event: 883.378 GC heap before
{Heap before GC invocations=116 (full 0):
 garbage-first heap   total 361472K, used 202240K [0x0000000080000000, 0x0000000100000000)
  region size 1024K, 17 young (17408K), 2 survivors (2048K)
 Metaspace       used 144977K, capacity 148799K, committed 148992K, reserved 1179648K
  class space    used 17758K, capacity 19182K, committed 19200K, reserved 1048576K
}

Deoptimization events (20 events):
Event: 880.978 Thread 0x0000019bd11db000 Uncommon trap: trap_request=0xffffffcc fr.pc=0x0000019bbe9bee04 relative=0x0000000000001a04
Event: 880.978 Thread 0x0000019bd11db000 Uncommon trap: reason=intrinsic_or_type_checked_inlining action=make_not_entrant pc=0x0000019bbe9bee04 method=java.util.stream.SpinedBuffer.copyInto([Ljava/lang/Object;I)V @ 51 c2
Event: 880.978 Thread 0x0000019bd11db000 DEOPT PACKING pc=0x0000019bbe9bee04 sp=0x000000106cffceb0
Event: 880.978 Thread 0x0000019bd11db000 DEOPT UNPACKING pc=0x0000019bb69878af sp=0x000000106cffcbd8 mode 2
Event: 881.091 Thread 0x0000019bd11db000 Uncommon trap: trap_request=0xffffffe4 fr.pc=0x0000019bbf16a7d8 relative=0x0000000000000218
Event: 881.091 Thread 0x0000019bd11db000 Uncommon trap: reason=range_check action=make_not_entrant pc=0x0000019bbf16a7d8 method=com.android.tools.r8.graph.c0.a(Lcom/android/tools/r8/graph/c0;)I @ 9 c2
Event: 881.092 Thread 0x0000019bd11db000 DEOPT PACKING pc=0x0000019bbf16a7d8 sp=0x000000106cffcee0
Event: 881.092 Thread 0x0000019bd11db000 DEOPT UNPACKING pc=0x0000019bb69878af sp=0x000000106cffce58 mode 2
Event: 881.959 Thread 0x0000019bd11db000 Uncommon trap: trap_request=0xffffffcc fr.pc=0x0000019bbf2dd9b4 relative=0x0000000000001eb4
Event: 881.959 Thread 0x0000019bd11db000 Uncommon trap: reason=intrinsic_or_type_checked_inlining action=make_not_entrant pc=0x0000019bbf2dd9b4 method=java.util.stream.SpinedBuffer.copyInto([Ljava/lang/Object;I)V @ 87 c2
Event: 881.959 Thread 0x0000019bd11db000 DEOPT PACKING pc=0x0000019bbf2dd9b4 sp=0x000000106cffcec0
Event: 881.959 Thread 0x0000019bd11db000 DEOPT UNPACKING pc=0x0000019bb69878af sp=0x000000106cffcbe8 mode 2
Event: 882.722 Thread 0x0000019bd11db000 Uncommon trap: trap_request=0xffffffcc fr.pc=0x0000019bbf2e6b94 relative=0x0000000000001f14
Event: 882.722 Thread 0x0000019bd11db000 Uncommon trap: reason=intrinsic_or_type_checked_inlining action=make_not_entrant pc=0x0000019bbf2e6b94 method=java.util.stream.SpinedBuffer.copyInto([Ljava/lang/Object;I)V @ 125 c2
Event: 882.722 Thread 0x0000019bd11db000 DEOPT PACKING pc=0x0000019bbf2e6b94 sp=0x000000106cffcec0
Event: 882.722 Thread 0x0000019bd11db000 DEOPT UNPACKING pc=0x0000019bb69878af sp=0x000000106cffcbe8 mode 2
Event: 883.164 Thread 0x0000019bd11db000 DEOPT PACKING pc=0x0000019bb9bbe6fb sp=0x000000106cffd260
Event: 883.164 Thread 0x0000019bd11db000 DEOPT UNPACKING pc=0x0000019bb69876ce sp=0x000000106cffc718 mode 0
Event: 883.202 Thread 0x0000019bd11db000 DEOPT PACKING pc=0x0000019bb9bbe6fb sp=0x000000106cffd1d0
Event: 883.202 Thread 0x0000019bd11db000 DEOPT UNPACKING pc=0x0000019bb69876ce sp=0x000000106cffc688 mode 0

Classes redefined (0 events):
No events

Internal exceptions (20 events):
Event: 863.632 Thread 0x0000019bd11e1800 Exception <a 'sun/nio/fs/WindowsException'{0x00000000938f6510}> (0x00000000938f6510) thrown at [./src/hotspot/share/prims/jni.cpp, line 615]
Event: 864.032 Thread 0x0000019bcfdca000 Exception <a 'sun/nio/fs/WindowsException'{0x00000000923037a0}> (0x00000000923037a0) thrown at [./src/hotspot/share/prims/jni.cpp, line 615]
Event: 864.392 Thread 0x0000019bcfdca000 Exception <a 'sun/nio/fs/WindowsException'{0x0000000091a6bf48}> (0x0000000091a6bf48) thrown at [./src/hotspot/share/prims/jni.cpp, line 615]
Event: 864.549 Thread 0x0000019bcfdca000 Implicit null exception at 0x0000019bbf05faa0 to 0x0000019bbf060214
Event: 864.956 Thread 0x0000019bd11dd000 Exception <a 'sun/nio/fs/WindowsException'{0x00000000914e66e0}> (0x00000000914e66e0) thrown at [./src/hotspot/share/prims/jni.cpp, line 615]
Event: 865.290 Thread 0x0000019bcfdca000 Exception <a 'sun/nio/fs/WindowsException'{0x00000000906424e0}> (0x00000000906424e0) thrown at [./src/hotspot/share/prims/jni.cpp, line 615]
Event: 866.439 Thread 0x0000019bd11dd000 Exception <a 'sun/nio/fs/WindowsException'{0x000000008d5a64b8}> (0x000000008d5a64b8) thrown at [./src/hotspot/share/prims/jni.cpp, line 615]
Event: 868.544 Thread 0x0000019bd11dd000 Exception <a 'sun/nio/fs/WindowsException'{0x00000000908ee428}> (0x00000000908ee428) thrown at [./src/hotspot/share/prims/jni.cpp, line 615]
Event: 870.177 Thread 0x0000019bd11dd000 Exception <a 'sun/nio/fs/WindowsException'{0x00000000951a9878}> (0x00000000951a9878) thrown at [./src/hotspot/share/prims/jni.cpp, line 615]
Event: 872.708 Thread 0x0000019bd11dd000 Exception <a 'sun/nio/fs/WindowsException'{0x000000008eb8e6d8}> (0x000000008eb8e6d8) thrown at [./src/hotspot/share/prims/jni.cpp, line 615]
Event: 872.837 Thread 0x0000019bd11dd000 Exception <a 'sun/nio/fs/WindowsException'{0x000000008e4d8c48}> (0x000000008e4d8c48) thrown at [./src/hotspot/share/prims/jni.cpp, line 615]
Event: 873.939 Thread 0x0000019bcfdca000 Exception <a 'sun/nio/fs/WindowsException'{0x00000000960f5840}> (0x00000000960f5840) thrown at [./src/hotspot/share/prims/jni.cpp, line 615]
Event: 877.291 Thread 0x0000019bd11dd800 Exception <a 'sun/nio/fs/WindowsException'{0x00000000960ceff0}> (0x00000000960ceff0) thrown at [./src/hotspot/share/prims/jni.cpp, line 615]
Event: 877.341 Thread 0x0000019bd11db000 Exception <a 'sun/nio/fs/WindowsException'{0x00000000960e3988}> (0x00000000960e3988) thrown at [./src/hotspot/share/prims/jni.cpp, line 615]
Event: 877.424 Thread 0x0000019bd11dd800 Exception <a 'sun/nio/fs/WindowsException'{0x0000000095d285d8}> (0x0000000095d285d8) thrown at [./src/hotspot/share/prims/jni.cpp, line 615]
Event: 877.630 Thread 0x0000019bd11dd800 Exception <a 'sun/nio/fs/WindowsException'{0x0000000095fb6c78}> (0x0000000095fb6c78) thrown at [./src/hotspot/share/prims/jni.cpp, line 615]
Event: 878.687 Thread 0x0000019bd11dd800 Exception <a 'sun/nio/fs/WindowsException'{0x0000000093b07790}> (0x0000000093b07790) thrown at [./src/hotspot/share/prims/jni.cpp, line 615]
Event: 880.765 Thread 0x0000019bd11dd800 Exception <a 'sun/nio/fs/WindowsException'{0x0000000091a20600}> (0x0000000091a20600) thrown at [./src/hotspot/share/prims/jni.cpp, line 615]
Event: 883.092 Thread 0x0000019bd11dd800 Exception <a 'sun/nio/fs/WindowsException'{0x0000000095ce38a8}> (0x0000000095ce38a8) thrown at [./src/hotspot/share/prims/jni.cpp, line 615]
Event: 883.272 Thread 0x0000019bd11dd800 Exception <a 'sun/nio/fs/WindowsException'{0x0000000095400620}> (0x0000000095400620) thrown at [./src/hotspot/share/prims/jni.cpp, line 615]

Events (20 events):
Event: 878.800 loading class java/util/AbstractList$SubList done
Event: 878.800 loading class java/util/AbstractList$RandomAccessSubList done
Event: 878.801 Executing VM operation: RevokeBias done
Event: 878.801 loading class java/util/AbstractList$SubList$1
Event: 878.810 loading class java/util/AbstractList$SubList$1 done
Event: 878.811 Executing VM operation: RevokeBias
Event: 878.811 Executing VM operation: RevokeBias done
Event: 880.121 loading class com/android/tools/r8/synthesis/t
Event: 880.121 loading class com/android/tools/r8/synthesis/t done
Event: 880.130 loading class java/util/concurrent/ForkJoinTask$AdaptedCallable
Event: 880.131 loading class java/util/concurrent/ForkJoinTask$AdaptedCallable done
Event: 880.672 Executing VM operation: RevokeBias
Event: 880.698 Executing VM operation: RevokeBias done
Event: 880.698 Executing VM operation: RevokeBias
Event: 880.698 Executing VM operation: RevokeBias done
Event: 881.122 Executing VM operation: G1CollectForAllocation
Event: 881.826 Executing VM operation: G1CollectForAllocation done
Event: 882.135 Executing VM operation: G1CollectForAllocation
Event: 882.651 Executing VM operation: G1CollectForAllocation done
Event: 883.377 Executing VM operation: G1CollectForAllocation


Dynamic libraries:
0x00007ff683c00000 - 0x00007ff683c0a000 	C:\Program Files\Android\Android Studio\jre\bin\java.exe
0x00007ffde7b10000 - 0x00007ffde7d05000 	C:\windows\SYSTEM32\ntdll.dll
0x00007ffde77c0000 - 0x00007ffde787e000 	C:\windows\System32\KERNEL32.DLL
0x00007ffde5450000 - 0x00007ffde5718000 	C:\windows\System32\KERNELBASE.dll
0x00007ffde52a0000 - 0x00007ffde53a0000 	C:\windows\System32\ucrtbase.dll
0x00007ffddd510000 - 0x00007ffddd529000 	C:\Program Files\Android\Android Studio\jre\bin\jli.dll
0x00007ffde6660000 - 0x00007ffde6800000 	C:\windows\System32\USER32.dll
0x00007ffde5790000 - 0x00007ffde57b2000 	C:\windows\System32\win32u.dll
0x00007ffde6860000 - 0x00007ffde688b000 	C:\windows\System32\GDI32.dll
0x00007ffde5a50000 - 0x00007ffde5b5d000 	C:\windows\System32\gdi32full.dll
0x00007ffde5920000 - 0x00007ffde59bd000 	C:\windows\System32\msvcp_win.dll
0x00007ffdcd6b0000 - 0x00007ffdcd6c7000 	C:\Program Files\Android\Android Studio\jre\bin\VCRUNTIME140.dll
0x00007ffdd2470000 - 0x00007ffdd270a000 	C:\windows\WinSxS\amd64_microsoft.windows.common-controls_6595b64144ccf1df_6.0.19041.1110_none_60b5254171f9507e\COMCTL32.dll
0x00007ffde7a30000 - 0x00007ffde7ace000 	C:\windows\System32\msvcrt.dll
0x00007ffde7710000 - 0x00007ffde7740000 	C:\windows\System32\IMM32.DLL
0x00007ffdabe80000 - 0x00007ffdabf1d000 	C:\Program Files\Android\Android Studio\jre\bin\msvcp140.dll
0x00007ffd9a620000 - 0x00007ffd9b0ef000 	C:\Program Files\Android\Android Studio\jre\bin\server\jvm.dll
0x00007ffde5bc0000 - 0x00007ffde5c6e000 	C:\windows\System32\ADVAPI32.dll
0x00007ffde68d0000 - 0x00007ffde696c000 	C:\windows\System32\sechost.dll
0x00007ffde6ab0000 - 0x00007ffde6bd5000 	C:\windows\System32\RPCRT4.dll
0x00007ffde5f00000 - 0x00007ffde5f08000 	C:\windows\System32\PSAPI.DLL
0x00007ffddddb0000 - 0x00007ffddddb9000 	C:\windows\SYSTEM32\WSOCK32.dll
0x00007ffde6970000 - 0x00007ffde69db000 	C:\windows\System32\WS2_32.dll
0x00007ffddc470000 - 0x00007ffddc497000 	C:\windows\SYSTEM32\WINMM.dll
0x00007ffddc4a0000 - 0x00007ffddc4aa000 	C:\windows\SYSTEM32\VERSION.dll
0x00007ffde3110000 - 0x00007ffde3122000 	C:\windows\SYSTEM32\kernel.appcore.dll
0x00007ffddd0b0000 - 0x00007ffddd0c1000 	C:\Program Files\Android\Android Studio\jre\bin\verify.dll
0x00007ffdd2710000 - 0x00007ffdd28f4000 	C:\windows\SYSTEM32\DBGHELP.DLL
0x00007ffdce5b0000 - 0x00007ffdce5dc000 	C:\windows\SYSTEM32\dbgcore.DLL
0x00007ffde59c0000 - 0x00007ffde5a42000 	C:\windows\System32\bcryptPrimitives.dll
0x00007ffdc7d30000 - 0x00007ffdc7d59000 	C:\Program Files\Android\Android Studio\jre\bin\java.dll
0x00007ffdce8a0000 - 0x00007ffdce8ab000 	C:\Program Files\Android\Android Studio\jre\bin\jimage.dll
0x00007ffdcb6f0000 - 0x00007ffdcb708000 	C:\Program Files\Android\Android Studio\jre\bin\zip.dll
0x00007ffde5f10000 - 0x00007ffde6654000 	C:\windows\System32\SHELL32.dll
0x00007ffde3310000 - 0x00007ffde3aa4000 	C:\windows\SYSTEM32\windows.storage.dll
0x00007ffde71f0000 - 0x00007ffde7545000 	C:\windows\System32\combase.dll
0x00007ffde4ba0000 - 0x00007ffde4bce000 	C:\windows\SYSTEM32\Wldp.dll
0x00007ffde75b0000 - 0x00007ffde765d000 	C:\windows\System32\SHCORE.dll
0x00007ffde6800000 - 0x00007ffde6855000 	C:\windows\System32\shlwapi.dll
0x00007ffde5160000 - 0x00007ffde517f000 	C:\windows\SYSTEM32\profapi.dll
0x00007ffdc6d80000 - 0x00007ffdc6d9a000 	C:\Program Files\Android\Android Studio\jre\bin\net.dll
0x00007ffdcf4a0000 - 0x00007ffdcf5ac000 	C:\windows\SYSTEM32\WINHTTP.dll
0x00007ffde4900000 - 0x00007ffde496a000 	C:\windows\system32\mswsock.dll
0x00007ffdc5de0000 - 0x00007ffdc5df4000 	C:\Program Files\Android\Android Studio\jre\bin\nio.dll
0x00007ffdcb710000 - 0x00007ffdcb737000 	C:\Users\anima\.gradle\native\8bec1ad78214c89d9ad589b4d07fe93259594b29d510b10fafb7a158f7737e5d\windows-amd64\native-platform.dll
0x00007ffda0a40000 - 0x00007ffda0b7d000 	C:\Users\anima\.gradle\native\53dbd7edfb1c66fb8903c78663c9afc45aea4f116125fa6feffd364cf09443e8\windows-amd64\native-platform-file-events.dll
0x00007ffdcd0d0000 - 0x00007ffdcd0da000 	C:\Program Files\Android\Android Studio\jre\bin\management.dll
0x00007ffdcc4d0000 - 0x00007ffdcc4dc000 	C:\Program Files\Android\Android Studio\jre\bin\management_ext.dll
0x00007ffde4b00000 - 0x00007ffde4b18000 	C:\windows\SYSTEM32\CRYPTSP.dll
0x00007ffde4280000 - 0x00007ffde42b4000 	C:\windows\system32\rsaenh.dll
0x00007ffde5270000 - 0x00007ffde5297000 	C:\windows\System32\bcrypt.dll
0x00007ffde5120000 - 0x00007ffde514e000 	C:\windows\SYSTEM32\USERENV.dll
0x00007ffde4af0000 - 0x00007ffde4afc000 	C:\windows\SYSTEM32\CRYPTBASE.dll
0x00007ffde45f0000 - 0x00007ffde462b000 	C:\windows\SYSTEM32\IPHLPAPI.DLL
0x00007ffde68b0000 - 0x00007ffde68b8000 	C:\windows\System32\NSI.dll
0x00007ffdd9670000 - 0x00007ffdd9687000 	C:\windows\SYSTEM32\dhcpcsvc6.DLL
0x00007ffdd9c90000 - 0x00007ffdd9cad000 	C:\windows\SYSTEM32\dhcpcsvc.DLL
0x00007ffde4640000 - 0x00007ffde470b000 	C:\windows\SYSTEM32\DNSAPI.dll
0x00007ffdb6880000 - 0x00007ffdb68a7000 	C:\Program Files\Android\Android Studio\jre\bin\sunec.dll
0x00007ffdcfcf0000 - 0x00007ffdcfcfa000 	C:\Windows\System32\rasadhlp.dll
0x00007ffdcfc70000 - 0x00007ffdcfcef000 	C:\windows\System32\fwpuclnt.dll

dbghelp: loaded successfully - version: 4.0.5 - missing functions: none
symbol engine: initialized successfully - sym options: 0x614 - pdb path: .;C:\Program Files\Android\Android Studio\jre\bin;C:\windows\SYSTEM32;C:\windows\WinSxS\amd64_microsoft.windows.common-controls_6595b64144ccf1df_6.0.19041.1110_none_60b5254171f9507e;C:\Program Files\Android\Android Studio\jre\bin\server;C:\Users\anima\.gradle\native\8bec1ad78214c89d9ad589b4d07fe93259594b29d510b10fafb7a158f7737e5d\windows-amd64;C:\Users\anima\.gradle\native\53dbd7edfb1c66fb8903c78663c9afc45aea4f116125fa6feffd364cf09443e8\windows-amd64

VM Arguments:
jvm_args: --add-opens=java.base/java.util=ALL-UNNAMED --add-opens=java.base/java.lang=ALL-UNNAMED --add-opens=java.base/java.lang.invoke=ALL-UNNAMED --add-opens=java.base/java.util=ALL-UNNAMED --add-opens=java.prefs/java.util.prefs=ALL-UNNAMED --add-opens=java.prefs/java.util.prefs=ALL-UNNAMED --add-opens=java.base/java.nio.charset=ALL-UNNAMED --add-opens=java.base/java.net=ALL-UNNAMED --add-opens=java.base/java.util.concurrent.atomic=ALL-UNNAMED -Xmx2048m -Dfile.encoding=UTF-8 -Duser.country=US -Duser.language=en -Duser.variant 
java_command: org.gradle.launcher.daemon.bootstrap.GradleDaemon 7.0.2
java_class_path (initial): C:\Users\anima\.gradle\wrapper\dists\gradle-7.0.2-bin\857tjihv64xamwrf0h14cai3r\gradle-7.0.2\lib\gradle-launcher-7.0.2.jar
Launcher Type: SUN_STANDARD

[Global flags]
     intx CICompilerCount                          = 2                                         {product} {ergonomic}
     uint ConcGCThreads                            = 1                                         {product} {ergonomic}
     uint G1ConcRefinementThreads                  = 2                                         {product} {ergonomic}
   size_t G1HeapRegionSize                         = 1048576                                   {product} {ergonomic}
    uintx GCDrainStackTargetSize                   = 64                                        {product} {ergonomic}
   size_t InitialHeapSize                          = 58720256                                  {product} {ergonomic}
   size_t MarkStackSize                            = 4194304                                   {product} {ergonomic}
   size_t MaxHeapSize                              = 2147483648                                {product} {command line}
   size_t MaxNewSize                               = 1287651328                                {product} {ergonomic}
   size_t MinHeapDeltaBytes                        = 1048576                                   {product} {ergonomic}
    uintx NonNMethodCodeHeapSize                   = 5825164                                {pd product} {ergonomic}
    uintx NonProfiledCodeHeapSize                  = 122916538                              {pd product} {ergonomic}
    uintx ProfiledCodeHeapSize                     = 122916538                              {pd product} {ergonomic}
    uintx ReservedCodeCacheSize                    = 251658240                              {pd product} {ergonomic}
     bool SegmentedCodeCache                       = true                                      {product} {ergonomic}
     bool UseCompressedClassPointers               = true                                 {lp64_product} {ergonomic}
     bool UseCompressedOops                        = true                                 {lp64_product} {ergonomic}
     bool UseG1GC                                  = true                                      {product} {ergonomic}
     bool UseLargePagesIndividualAllocation        = false                                  {pd product} {ergonomic}

Logging:
Log output configuration:
 #0: stdout all=warning uptime,level,tags
 #1: stderr all=off uptime,level,tags

Environment Variables:
PATH=C:\Program Files (x86)\Common Files\Oracle\Java\javapath;C:\windows\system32;C:\windows;C:\windows\System32\Wbem;C:\windows\System32\WindowsPowerShell\v1.0\;C:\windows\System32\OpenSSH\;D:\Program Files\MATLAB\R2021b\bin;C:\Users\anima\AppData\Local\Microsoft\WindowsApps;C:\Users\anima\AppData\Local\GitHubDesktop\bin
USERNAME=anima
OS=Windows_NT
PROCESSOR_IDENTIFIER=AMD64 Family 23 Model 32 Stepping 1, AuthenticAMD



---------------  S Y S T E M  ---------------

OS: Windows 10 , 64 bit Build 19041 (10.0.19041.1503)
OS uptime: 6 days 6:56 hours

CPU:total 2 (initial active 2) (2 cores per cpu, 1 threads per core) family 23 model 32 stepping 1 microcode 0x0, cmov, cx8, fxsr, mmx, sse, sse2, sse3, ssse3, sse4.1, sse4.2, popcnt, avx, avx2, aes, clmul, mmxext, 3dnowpref, lzcnt, sse4a, tsc, tscinvbit, tscinv, bmi1, bmi2, adx, sha, 

Memory: 4k page, system-wide physical 3463M (69M free)
TotalPageFile size 10702M (AvailPageFile size 191M)
current process WorkingSet (physical memory assigned to process): 487M, peak: 515M
current process commit charge ("private bytes"): 763M, peak: 1102M

vm_info: OpenJDK 64-Bit Server VM (11.0.10+0-b96-7249189) for windows-amd64 JRE (11.0.10+0-b96-7249189), built on Mar 31 2021 21:44:00 by "builder" with MS VC++ 14.0 (VS2015)

END.
